[0.733s] DEBUG:colcon:Command line arguments: ['/usr/bin/colcon', 'build', '--symlink-install']
[0.734s] DEBUG:colcon:Parsed command line arguments: Namespace(allow_overriding=[], ament_cmake_args=None, base_paths=['.'], build_base='build', catkin_cmake_args=None, catkin_skip_building_tests=False, cmake_args=None, cmake_clean_cache=False, cmake_clean_first=False, cmake_force_configure=False, cmake_target=None, cmake_target_skip_unavailable=False, continue_on_error=False, event_handlers=None, executor='parallel', ignore_user_meta=False, install_base='install', log_base=None, log_level=None, main=<bound method BuildVerb.main of <colcon_core.verb.build.BuildVerb object at 0x7f57fe678a00>>, merge_install=False, metas=['./colcon.meta'], packages_above=None, packages_above_and_dependencies=None, packages_above_depth=None, packages_end=None, packages_ignore=None, packages_ignore_regex=None, packages_select=None, packages_select_build_failed=False, packages_select_by_dep=None, packages_select_regex=None, packages_select_test_failures=False, packages_skip=None, packages_skip_build_finished=False, packages_skip_by_dep=None, packages_skip_regex=None, packages_skip_test_passed=False, packages_skip_up_to=None, packages_start=None, packages_up_to=None, packages_up_to_regex=None, parallel_workers=8, paths=None, symlink_install=True, test_result_base=None, verb_extension=<colcon_core.verb.build.BuildVerb object at 0x7f57fe678a00>, verb_name='build', verb_parser=<colcon_defaults.argument_parser.defaults.DefaultArgumentsDecorator object at 0x7f57fe678f70>)
[0.807s] Level 1:colcon.colcon_core.package_discovery:discover_packages(colcon_meta) check parameters
[0.807s] Level 1:colcon.colcon_core.package_discovery:discover_packages(recursive) check parameters
[0.808s] Level 1:colcon.colcon_core.package_discovery:discover_packages(ignore) check parameters
[0.808s] Level 1:colcon.colcon_core.package_discovery:discover_packages(path) check parameters
[0.808s] Level 1:colcon.colcon_core.package_discovery:discover_packages(colcon_meta) discover
[0.808s] Level 1:colcon.colcon_core.package_discovery:discover_packages(recursive) discover
[0.808s] INFO:colcon.colcon_core.package_discovery:Crawling recursively for packages in '/home/waraset/auto_dock_sim_ws'
[0.808s] Level 1:colcon.colcon_core.package_identification:_identify(.) by extensions ['ignore', 'ignore_ament_install']
[0.808s] Level 1:colcon.colcon_core.package_identification:_identify(.) by extension 'ignore'
[0.808s] Level 1:colcon.colcon_core.package_identification:_identify(.) by extension 'ignore_ament_install'
[0.808s] Level 1:colcon.colcon_core.package_identification:_identify(.) by extensions ['colcon_pkg']
[0.808s] Level 1:colcon.colcon_core.package_identification:_identify(.) by extension 'colcon_pkg'
[0.808s] Level 1:colcon.colcon_core.package_identification:_identify(.) by extensions ['colcon_meta']
[0.808s] Level 1:colcon.colcon_core.package_identification:_identify(.) by extension 'colcon_meta'
[0.808s] Level 1:colcon.colcon_core.package_identification:_identify(.) by extensions ['ros']
[0.808s] Level 1:colcon.colcon_core.package_identification:_identify(.) by extension 'ros'
[0.821s] Level 1:colcon.colcon_core.package_identification:_identify(.) by extensions ['cmake', 'python']
[0.821s] Level 1:colcon.colcon_core.package_identification:_identify(.) by extension 'cmake'
[0.821s] Level 1:colcon.colcon_core.package_identification:_identify(.) by extension 'python'
[0.821s] Level 1:colcon.colcon_core.package_identification:_identify(.) by extensions ['python_setup_py']
[0.821s] Level 1:colcon.colcon_core.package_identification:_identify(.) by extension 'python_setup_py'
[0.821s] Level 1:colcon.colcon_core.package_identification:_identify(build) by extensions ['ignore', 'ignore_ament_install']
[0.821s] Level 1:colcon.colcon_core.package_identification:_identify(build) by extension 'ignore'
[0.821s] Level 1:colcon.colcon_core.package_identification:_identify(build) ignored
[0.821s] Level 1:colcon.colcon_core.package_identification:_identify(install) by extensions ['ignore', 'ignore_ament_install']
[0.822s] Level 1:colcon.colcon_core.package_identification:_identify(install) by extension 'ignore'
[0.822s] Level 1:colcon.colcon_core.package_identification:_identify(install) ignored
[0.822s] Level 1:colcon.colcon_core.package_identification:_identify(log) by extensions ['ignore', 'ignore_ament_install']
[0.822s] Level 1:colcon.colcon_core.package_identification:_identify(log) by extension 'ignore'
[0.822s] Level 1:colcon.colcon_core.package_identification:_identify(log) ignored
[0.822s] Level 1:colcon.colcon_core.package_identification:_identify(src) by extensions ['ignore', 'ignore_ament_install']
[0.822s] Level 1:colcon.colcon_core.package_identification:_identify(src) by extension 'ignore'
[0.822s] Level 1:colcon.colcon_core.package_identification:_identify(src) by extension 'ignore_ament_install'
[0.822s] Level 1:colcon.colcon_core.package_identification:_identify(src) by extensions ['colcon_pkg']
[0.822s] Level 1:colcon.colcon_core.package_identification:_identify(src) by extension 'colcon_pkg'
[0.822s] Level 1:colcon.colcon_core.package_identification:_identify(src) by extensions ['colcon_meta']
[0.822s] Level 1:colcon.colcon_core.package_identification:_identify(src) by extension 'colcon_meta'
[0.822s] Level 1:colcon.colcon_core.package_identification:_identify(src) by extensions ['ros']
[0.822s] Level 1:colcon.colcon_core.package_identification:_identify(src) by extension 'ros'
[0.822s] Level 1:colcon.colcon_core.package_identification:_identify(src) by extensions ['cmake', 'python']
[0.822s] Level 1:colcon.colcon_core.package_identification:_identify(src) by extension 'cmake'
[0.822s] Level 1:colcon.colcon_core.package_identification:_identify(src) by extension 'python'
[0.822s] Level 1:colcon.colcon_core.package_identification:_identify(src) by extensions ['python_setup_py']
[0.822s] Level 1:colcon.colcon_core.package_identification:_identify(src) by extension 'python_setup_py'
[0.823s] Level 1:colcon.colcon_core.package_identification:_identify(src/auto_dock_sim_py_pkg) by extensions ['ignore', 'ignore_ament_install']
[0.823s] Level 1:colcon.colcon_core.package_identification:_identify(src/auto_dock_sim_py_pkg) by extension 'ignore'
[0.823s] Level 1:colcon.colcon_core.package_identification:_identify(src/auto_dock_sim_py_pkg) by extension 'ignore_ament_install'
[0.823s] Level 1:colcon.colcon_core.package_identification:_identify(src/auto_dock_sim_py_pkg) by extensions ['colcon_pkg']
[0.823s] Level 1:colcon.colcon_core.package_identification:_identify(src/auto_dock_sim_py_pkg) by extension 'colcon_pkg'
[0.823s] Level 1:colcon.colcon_core.package_identification:_identify(src/auto_dock_sim_py_pkg) by extensions ['colcon_meta']
[0.823s] Level 1:colcon.colcon_core.package_identification:_identify(src/auto_dock_sim_py_pkg) by extension 'colcon_meta'
[0.823s] Level 1:colcon.colcon_core.package_identification:_identify(src/auto_dock_sim_py_pkg) by extensions ['ros']
[0.823s] Level 1:colcon.colcon_core.package_identification:_identify(src/auto_dock_sim_py_pkg) by extension 'ros'
[0.826s] DEBUG:colcon.colcon_core.package_identification:Package 'src/auto_dock_sim_py_pkg' with type 'ros.ament_python' and name 'auto_dock_sim_py_pkg'
[0.826s] Level 1:colcon.colcon_core.package_discovery:discover_packages(recursive) using defaults
[0.826s] Level 1:colcon.colcon_core.package_discovery:discover_packages(ignore) discover
[0.826s] Level 1:colcon.colcon_core.package_discovery:discover_packages(ignore) using defaults
[0.826s] Level 1:colcon.colcon_core.package_discovery:discover_packages(path) discover
[0.826s] Level 1:colcon.colcon_core.package_discovery:discover_packages(path) using defaults
[0.877s] Level 1:colcon.colcon_core.package_discovery:discover_packages(prefix_path) check parameters
[0.877s] Level 1:colcon.colcon_core.package_discovery:discover_packages(prefix_path) discover
[0.880s] WARNING:colcon.colcon_ros.prefix_path.ament:The path '/home/waraset/auto_dock_sim_ws/install/my_package' in the environment variable AMENT_PREFIX_PATH doesn't exist
[0.880s] WARNING:colcon.colcon_ros.prefix_path.ament:The path '/home/waraset/auto_dock_sim_ws/install/auto_dock_sim_py_pkg' in the environment variable AMENT_PREFIX_PATH doesn't exist
[0.889s] WARNING:colcon.colcon_ros.prefix_path.catkin:The path '/home/waraset/auto_dock_sim_ws/install/my_package' in the environment variable CMAKE_PREFIX_PATH doesn't exist
[0.894s] DEBUG:colcon.colcon_installed_package_information.package_discovery:Found 0 installed packages in /home/waraset/auto_dock_sim_ws/install
[0.897s] DEBUG:colcon.colcon_installed_package_information.package_discovery:Found 1 installed packages in /home/waraset/neobotix_workspace/install
[0.909s] DEBUG:colcon.colcon_installed_package_information.package_discovery:Found 311 installed packages in /home/waraset/ros2_foxy/install
[0.915s] DEBUG:colcon.colcon_installed_package_information.package_discovery:Found 2 installed packages in /home/waraset/ros2_ws/install
[0.919s] DEBUG:colcon.colcon_installed_package_information.package_discovery:Found 305 installed packages in /opt/ros/foxy
[0.931s] Level 1:colcon.colcon_core.package_discovery:discover_packages(prefix_path) using defaults
[1.171s] Level 5:colcon.colcon_core.verb:set package 'auto_dock_sim_py_pkg' build argument 'cmake_args' from command line to 'None'
[1.171s] Level 5:colcon.colcon_core.verb:set package 'auto_dock_sim_py_pkg' build argument 'cmake_target' from command line to 'None'
[1.171s] Level 5:colcon.colcon_core.verb:set package 'auto_dock_sim_py_pkg' build argument 'cmake_target_skip_unavailable' from command line to 'False'
[1.171s] Level 5:colcon.colcon_core.verb:set package 'auto_dock_sim_py_pkg' build argument 'cmake_clean_cache' from command line to 'False'
[1.171s] Level 5:colcon.colcon_core.verb:set package 'auto_dock_sim_py_pkg' build argument 'cmake_clean_first' from command line to 'False'
[1.171s] Level 5:colcon.colcon_core.verb:set package 'auto_dock_sim_py_pkg' build argument 'cmake_force_configure' from command line to 'False'
[1.171s] Level 5:colcon.colcon_core.verb:set package 'auto_dock_sim_py_pkg' build argument 'ament_cmake_args' from command line to 'None'
[1.171s] Level 5:colcon.colcon_core.verb:set package 'auto_dock_sim_py_pkg' build argument 'catkin_cmake_args' from command line to 'None'
[1.171s] Level 5:colcon.colcon_core.verb:set package 'auto_dock_sim_py_pkg' build argument 'catkin_skip_building_tests' from command line to 'False'
[1.171s] DEBUG:colcon.colcon_core.verb:Building package 'auto_dock_sim_py_pkg' with the following arguments: {'ament_cmake_args': None, 'build_base': '/home/waraset/auto_dock_sim_ws/build/auto_dock_sim_py_pkg', 'catkin_cmake_args': None, 'catkin_skip_building_tests': False, 'cmake_args': None, 'cmake_clean_cache': False, 'cmake_clean_first': False, 'cmake_force_configure': False, 'cmake_target': None, 'cmake_target_skip_unavailable': False, 'install_base': '/home/waraset/auto_dock_sim_ws/install/auto_dock_sim_py_pkg', 'merge_install': False, 'path': '/home/waraset/auto_dock_sim_ws/src/auto_dock_sim_py_pkg', 'symlink_install': True, 'test_result_base': None}
[1.174s] INFO:colcon.colcon_core.executor:Executing jobs using 'parallel' executor
[1.185s] DEBUG:colcon.colcon_parallel_executor.executor.parallel:run_until_complete
[1.185s] INFO:colcon.colcon_ros.task.ament_python.build:Building ROS package in '/home/waraset/auto_dock_sim_ws/src/auto_dock_sim_py_pkg' with build type 'ament_python'
[1.186s] Level 1:colcon.colcon_core.shell:create_environment_hook('auto_dock_sim_py_pkg', 'ament_prefix_path')
[1.201s] INFO:colcon.colcon_core.plugin_system:Skipping extension 'colcon_core.shell.bat': Not used on non-Windows systems
[1.201s] INFO:colcon.colcon_core.shell:Creating environment hook '/home/waraset/auto_dock_sim_ws/install/auto_dock_sim_py_pkg/share/auto_dock_sim_py_pkg/hook/ament_prefix_path.ps1'
[1.202s] INFO:colcon.colcon_core.shell:Creating environment descriptor '/home/waraset/auto_dock_sim_ws/install/auto_dock_sim_py_pkg/share/auto_dock_sim_py_pkg/hook/ament_prefix_path.dsv'
[1.202s] INFO:colcon.colcon_core.shell:Creating environment hook '/home/waraset/auto_dock_sim_ws/install/auto_dock_sim_py_pkg/share/auto_dock_sim_py_pkg/hook/ament_prefix_path.sh'
[1.209s] INFO:colcon.colcon_core.shell:Skip shell extension 'powershell' for command environment: Not usable outside of PowerShell
[1.209s] DEBUG:colcon.colcon_core.shell:Skip shell extension 'dsv' for command environment
[2.189s] INFO:colcon.colcon_core.task.python.build:Building Python package in '/home/waraset/auto_dock_sim_ws/src/auto_dock_sim_py_pkg'
[2.200s] INFO:colcon.colcon_core.shell:Skip shell extension 'powershell' for command environment: Not usable outside of PowerShell
[2.200s] DEBUG:colcon.colcon_core.shell:Skip shell extension 'dsv' for command environment
[3.430s] DEBUG:colcon.colcon_core.event_handler.log_command:Invoking command in '/home/waraset/auto_dock_sim_ws/build/auto_dock_sim_py_pkg': PYTHONPATH=/home/waraset/auto_dock_sim_ws/build/auto_dock_sim_py_pkg/prefix_override:/home/waraset/auto_dock_sim_ws/install/auto_dock_sim_py_pkg/lib/python3.8/site-packages:${PYTHONPATH} /usr/bin/python3 setup.py develop --editable --build-directory /home/waraset/auto_dock_sim_ws/build/auto_dock_sim_py_pkg/build --no-deps install_data
[4.775s] Level 1:colcon.colcon_core.shell:create_environment_hook('auto_dock_sim_py_pkg', 'pythonpath_develop')
[4.789s] INFO:colcon.colcon_core.shell:Creating environment hook '/home/waraset/auto_dock_sim_ws/build/auto_dock_sim_py_pkg/share/auto_dock_sim_py_pkg/hook/pythonpath_develop.ps1'
[4.789s] DEBUG:colcon.colcon_core.event_handler.log_command:Invoked command in '/home/waraset/auto_dock_sim_ws/build/auto_dock_sim_py_pkg' returned '0': PYTHONPATH=/home/waraset/auto_dock_sim_ws/build/auto_dock_sim_py_pkg/prefix_override:/home/waraset/auto_dock_sim_ws/install/auto_dock_sim_py_pkg/lib/python3.8/site-packages:${PYTHONPATH} /usr/bin/python3 setup.py develop --editable --build-directory /home/waraset/auto_dock_sim_ws/build/auto_dock_sim_py_pkg/build --no-deps install_data
[4.790s] INFO:colcon.colcon_core.shell:Creating environment descriptor '/home/waraset/auto_dock_sim_ws/build/auto_dock_sim_py_pkg/share/auto_dock_sim_py_pkg/hook/pythonpath_develop.dsv'
[4.790s] INFO:colcon.colcon_core.shell:Creating environment hook '/home/waraset/auto_dock_sim_ws/build/auto_dock_sim_py_pkg/share/auto_dock_sim_py_pkg/hook/pythonpath_develop.sh'
[4.810s] Level 1:colcon.colcon_core.environment:checking '/home/waraset/auto_dock_sim_ws/install/auto_dock_sim_py_pkg' for CMake module files
[4.810s] Level 1:colcon.colcon_core.environment:checking '/home/waraset/auto_dock_sim_ws/install/auto_dock_sim_py_pkg' for CMake config files
[4.811s] Level 1:colcon.colcon_core.environment:checking '/home/waraset/auto_dock_sim_ws/install/auto_dock_sim_py_pkg/lib'
[4.811s] Level 1:colcon.colcon_core.environment:checking '/home/waraset/auto_dock_sim_ws/install/auto_dock_sim_py_pkg/bin'
[4.811s] Level 1:colcon.colcon_core.environment:checking '/home/waraset/auto_dock_sim_ws/install/auto_dock_sim_py_pkg/lib/pkgconfig/auto_dock_sim_py_pkg.pc'
[4.811s] Level 1:colcon.colcon_core.environment:checking '/home/waraset/auto_dock_sim_ws/install/auto_dock_sim_py_pkg/lib/python3.8/site-packages'
[4.811s] Level 1:colcon.colcon_core.shell:create_environment_hook('auto_dock_sim_py_pkg', 'pythonpath')
[4.817s] INFO:colcon.colcon_core.shell:Creating environment hook '/home/waraset/auto_dock_sim_ws/install/auto_dock_sim_py_pkg/share/auto_dock_sim_py_pkg/hook/pythonpath.ps1'
[4.818s] INFO:colcon.colcon_core.shell:Creating environment descriptor '/home/waraset/auto_dock_sim_ws/install/auto_dock_sim_py_pkg/share/auto_dock_sim_py_pkg/hook/pythonpath.dsv'
[4.818s] INFO:colcon.colcon_core.shell:Creating environment hook '/home/waraset/auto_dock_sim_ws/install/auto_dock_sim_py_pkg/share/auto_dock_sim_py_pkg/hook/pythonpath.sh'
[4.819s] Level 1:colcon.colcon_core.environment:checking '/home/waraset/auto_dock_sim_ws/install/auto_dock_sim_py_pkg/bin'
[4.819s] Level 1:colcon.colcon_core.environment:create_environment_scripts_only(auto_dock_sim_py_pkg)
[4.825s] INFO:colcon.colcon_core.shell:Creating package script '/home/waraset/auto_dock_sim_ws/install/auto_dock_sim_py_pkg/share/auto_dock_sim_py_pkg/package.ps1'
[4.826s] INFO:colcon.colcon_core.shell:Creating package descriptor '/home/waraset/auto_dock_sim_ws/install/auto_dock_sim_py_pkg/share/auto_dock_sim_py_pkg/package.dsv'
[4.827s] INFO:colcon.colcon_core.shell:Creating package script '/home/waraset/auto_dock_sim_ws/install/auto_dock_sim_py_pkg/share/auto_dock_sim_py_pkg/package.sh'
[4.828s] INFO:colcon.colcon_core.shell:Creating package script '/home/waraset/auto_dock_sim_ws/install/auto_dock_sim_py_pkg/share/auto_dock_sim_py_pkg/package.bash'
[4.829s] INFO:colcon.colcon_core.shell:Creating package script '/home/waraset/auto_dock_sim_ws/install/auto_dock_sim_py_pkg/share/auto_dock_sim_py_pkg/package.zsh'
[4.829s] Level 1:colcon.colcon_core.environment:create_file_with_runtime_dependencies(/home/waraset/auto_dock_sim_ws/install/auto_dock_sim_py_pkg/share/colcon-core/packages/auto_dock_sim_py_pkg)
[4.830s] DEBUG:colcon.colcon_parallel_executor.executor.parallel:closing loop
[4.830s] DEBUG:colcon.colcon_parallel_executor.executor.parallel:loop closed
[4.830s] DEBUG:colcon.colcon_parallel_executor.executor.parallel:run_until_complete finished with '0'
[4.830s] DEBUG:colcon.colcon_core.event_reactor:joining thread
[4.853s] INFO:colcon.colcon_core.plugin_system:Skipping extension 'colcon_notification.desktop_notification.terminal_notifier': Not used on non-Darwin systems
[4.853s] INFO:colcon.colcon_core.plugin_system:Skipping extension 'colcon_notification.desktop_notification.win32': Not used on non-Windows systems
[4.853s] INFO:colcon.colcon_notification.desktop_notification:Sending desktop notification using 'notify2'
[4.891s] DEBUG:colcon.colcon_core.event_reactor:joined thread
[4.904s] INFO:colcon.colcon_core.shell:Creating prefix script '/home/waraset/auto_dock_sim_ws/install/local_setup.ps1'
[4.906s] INFO:colcon.colcon_core.shell:Creating prefix util module '/home/waraset/auto_dock_sim_ws/install/_local_setup_util_ps1.py'
[4.907s] INFO:colcon.colcon_core.shell:Creating prefix chain script '/home/waraset/auto_dock_sim_ws/install/setup.ps1'
[4.923s] INFO:colcon.colcon_core.shell:Creating prefix script '/home/waraset/auto_dock_sim_ws/install/local_setup.sh'
[4.923s] INFO:colcon.colcon_core.shell:Creating prefix util module '/home/waraset/auto_dock_sim_ws/install/_local_setup_util_sh.py'
[4.924s] INFO:colcon.colcon_core.shell:Creating prefix chain script '/home/waraset/auto_dock_sim_ws/install/setup.sh'
[4.940s] INFO:colcon.colcon_core.shell:Creating prefix script '/home/waraset/auto_dock_sim_ws/install/local_setup.bash'
[4.941s] INFO:colcon.colcon_core.shell:Creating prefix chain script '/home/waraset/auto_dock_sim_ws/install/setup.bash'
[4.957s] INFO:colcon.colcon_core.shell:Creating prefix script '/home/waraset/auto_dock_sim_ws/install/local_setup.zsh'
[4.957s] INFO:colcon.colcon_core.shell:Creating prefix chain script '/home/waraset/auto_dock_sim_ws/install/setup.zsh'
