running develop
running egg_info
creating learning_tf2_py.egg-info
writing learning_tf2_py.egg-info/PKG-INFO
writing dependency_links to learning_tf2_py.egg-info/dependency_links.txt
writing entry points to learning_tf2_py.egg-info/entry_points.txt
writing requirements to learning_tf2_py.egg-info/requires.txt
writing top-level names to learning_tf2_py.egg-info/top_level.txt
writing manifest file 'learning_tf2_py.egg-info/SOURCES.txt'
reading manifest file 'learning_tf2_py.egg-info/SOURCES.txt'
writing manifest file 'learning_tf2_py.egg-info/SOURCES.txt'
running build_ext
Creating /home/waraset/auto_dock_sim_ws/install/learning_tf2_py/lib/python3.8/site-packages/site.py
Creating /home/waraset/auto_dock_sim_ws/install/learning_tf2_py/lib/python3.8/site-packages/learning-tf2-py.egg-link (link to .)

Installed /home/waraset/auto_dock_sim_ws/build/learning_tf2_py
running install_data
creating /home/waraset/auto_dock_sim_ws/install/learning_tf2_py/share/ament_index
creating /home/waraset/auto_dock_sim_ws/install/learning_tf2_py/share/ament_index/resource_index
creating /home/waraset/auto_dock_sim_ws/install/learning_tf2_py/share/ament_index/resource_index/packages
copying resource/learning_tf2_py -> /home/waraset/auto_dock_sim_ws/install/learning_tf2_py/share/ament_index/resource_index/packages
copying package.xml -> /home/waraset/auto_dock_sim_ws/install/learning_tf2_py/share/learning_tf2_py
