running develop
running egg_info
creating auto_dock_sim_py_pkg.egg-info
writing auto_dock_sim_py_pkg.egg-info/PKG-INFO
writing dependency_links to auto_dock_sim_py_pkg.egg-info/dependency_links.txt
writing entry points to auto_dock_sim_py_pkg.egg-info/entry_points.txt
writing requirements to auto_dock_sim_py_pkg.egg-info/requires.txt
writing top-level names to auto_dock_sim_py_pkg.egg-info/top_level.txt
writing manifest file 'auto_dock_sim_py_pkg.egg-info/SOURCES.txt'
reading manifest file 'auto_dock_sim_py_pkg.egg-info/SOURCES.txt'
writing manifest file 'auto_dock_sim_py_pkg.egg-info/SOURCES.txt'
running build_ext
Creating /home/waraset/auto_dock_sim_ws/install/auto_dock_sim_py_pkg/lib/python3.8/site-packages/site.py
Creating /home/waraset/auto_dock_sim_ws/install/auto_dock_sim_py_pkg/lib/python3.8/site-packages/auto-dock-sim-py-pkg.egg-link (link to .)
Installing my_node script to /home/waraset/auto_dock_sim_ws/install/auto_dock_sim_py_pkg/lib/auto_dock_sim_py_pkg

Installed /home/waraset/auto_dock_sim_ws/build/auto_dock_sim_py_pkg
running install_data
creating /home/waraset/auto_dock_sim_ws/install/auto_dock_sim_py_pkg/share/ament_index
creating /home/waraset/auto_dock_sim_ws/install/auto_dock_sim_py_pkg/share/ament_index/resource_index
creating /home/waraset/auto_dock_sim_ws/install/auto_dock_sim_py_pkg/share/ament_index/resource_index/packages
copying resource/auto_dock_sim_py_pkg -> /home/waraset/auto_dock_sim_ws/install/auto_dock_sim_py_pkg/share/ament_index/resource_index/packages
copying package.xml -> /home/waraset/auto_dock_sim_ws/install/auto_dock_sim_py_pkg/share/auto_dock_sim_py_pkg
