[0.776s] DEBUG:colcon:Command line arguments: ['/usr/bin/colcon', 'build', '--packages-select', 'learning_tf2_py']
[0.776s] DEBUG:colcon:Parsed command line arguments: Namespace(allow_overriding=[], ament_cmake_args=None, base_paths=['.'], build_base='build', catkin_cmake_args=None, catkin_skip_building_tests=False, cmake_args=None, cmake_clean_cache=False, cmake_clean_first=False, cmake_force_configure=False, cmake_target=None, cmake_target_skip_unavailable=False, continue_on_error=False, event_handlers=None, executor='parallel', ignore_user_meta=False, install_base='install', log_base=None, log_level=None, main=<bound method BuildVerb.main of <colcon_core.verb.build.BuildVerb object at 0x7fba6a044220>>, merge_install=False, metas=['./colcon.meta'], packages_above=None, packages_above_and_dependencies=None, packages_above_depth=None, packages_end=None, packages_ignore=None, packages_ignore_regex=None, packages_select=['learning_tf2_py'], packages_select_build_failed=False, packages_select_by_dep=None, packages_select_regex=None, packages_select_test_failures=False, packages_skip=None, packages_skip_build_finished=False, packages_skip_by_dep=None, packages_skip_regex=None, packages_skip_test_passed=False, packages_skip_up_to=None, packages_start=None, packages_up_to=None, packages_up_to_regex=None, parallel_workers=8, paths=None, symlink_install=False, test_result_base=None, verb_extension=<colcon_core.verb.build.BuildVerb object at 0x7fba6a044220>, verb_name='build', verb_parser=<colcon_defaults.argument_parser.defaults.DefaultArgumentsDecorator object at 0x7fba6a044760>)
[0.862s] Level 1:colcon.colcon_core.package_discovery:discover_packages(colcon_meta) check parameters
[0.863s] Level 1:colcon.colcon_core.package_discovery:discover_packages(recursive) check parameters
[0.863s] Level 1:colcon.colcon_core.package_discovery:discover_packages(ignore) check parameters
[0.863s] Level 1:colcon.colcon_core.package_discovery:discover_packages(path) check parameters
[0.863s] Level 1:colcon.colcon_core.package_discovery:discover_packages(colcon_meta) discover
[0.863s] Level 1:colcon.colcon_core.package_discovery:discover_packages(recursive) discover
[0.863s] INFO:colcon.colcon_core.package_discovery:Crawling recursively for packages in '/home/waraset/auto_dock_sim_ws'
[0.863s] Level 1:colcon.colcon_core.package_identification:_identify(.) by extensions ['ignore', 'ignore_ament_install']
[0.863s] Level 1:colcon.colcon_core.package_identification:_identify(.) by extension 'ignore'
[0.863s] Level 1:colcon.colcon_core.package_identification:_identify(.) by extension 'ignore_ament_install'
[0.863s] Level 1:colcon.colcon_core.package_identification:_identify(.) by extensions ['colcon_pkg']
[0.863s] Level 1:colcon.colcon_core.package_identification:_identify(.) by extension 'colcon_pkg'
[0.863s] Level 1:colcon.colcon_core.package_identification:_identify(.) by extensions ['colcon_meta']
[0.863s] Level 1:colcon.colcon_core.package_identification:_identify(.) by extension 'colcon_meta'
[0.863s] Level 1:colcon.colcon_core.package_identification:_identify(.) by extensions ['ros']
[0.863s] Level 1:colcon.colcon_core.package_identification:_identify(.) by extension 'ros'
[0.889s] Level 1:colcon.colcon_core.package_identification:_identify(.) by extensions ['cmake', 'python']
[0.889s] Level 1:colcon.colcon_core.package_identification:_identify(.) by extension 'cmake'
[0.889s] Level 1:colcon.colcon_core.package_identification:_identify(.) by extension 'python'
[0.889s] Level 1:colcon.colcon_core.package_identification:_identify(.) by extensions ['python_setup_py']
[0.889s] Level 1:colcon.colcon_core.package_identification:_identify(.) by extension 'python_setup_py'
[0.890s] Level 1:colcon.colcon_core.package_identification:_identify(build) by extensions ['ignore', 'ignore_ament_install']
[0.890s] Level 1:colcon.colcon_core.package_identification:_identify(build) by extension 'ignore'
[0.890s] Level 1:colcon.colcon_core.package_identification:_identify(build) ignored
[0.890s] Level 1:colcon.colcon_core.package_identification:_identify(install) by extensions ['ignore', 'ignore_ament_install']
[0.890s] Level 1:colcon.colcon_core.package_identification:_identify(install) by extension 'ignore'
[0.890s] Level 1:colcon.colcon_core.package_identification:_identify(install) ignored
[0.890s] Level 1:colcon.colcon_core.package_identification:_identify(log) by extensions ['ignore', 'ignore_ament_install']
[0.890s] Level 1:colcon.colcon_core.package_identification:_identify(log) by extension 'ignore'
[0.890s] Level 1:colcon.colcon_core.package_identification:_identify(log) ignored
[0.890s] Level 1:colcon.colcon_core.package_identification:_identify(src) by extensions ['ignore', 'ignore_ament_install']
[0.890s] Level 1:colcon.colcon_core.package_identification:_identify(src) by extension 'ignore'
[0.890s] Level 1:colcon.colcon_core.package_identification:_identify(src) by extension 'ignore_ament_install'
[0.890s] Level 1:colcon.colcon_core.package_identification:_identify(src) by extensions ['colcon_pkg']
[0.891s] Level 1:colcon.colcon_core.package_identification:_identify(src) by extension 'colcon_pkg'
[0.891s] Level 1:colcon.colcon_core.package_identification:_identify(src) by extensions ['colcon_meta']
[0.891s] Level 1:colcon.colcon_core.package_identification:_identify(src) by extension 'colcon_meta'
[0.891s] Level 1:colcon.colcon_core.package_identification:_identify(src) by extensions ['ros']
[0.891s] Level 1:colcon.colcon_core.package_identification:_identify(src) by extension 'ros'
[0.891s] Level 1:colcon.colcon_core.package_identification:_identify(src) by extensions ['cmake', 'python']
[0.891s] Level 1:colcon.colcon_core.package_identification:_identify(src) by extension 'cmake'
[0.891s] Level 1:colcon.colcon_core.package_identification:_identify(src) by extension 'python'
[0.891s] Level 1:colcon.colcon_core.package_identification:_identify(src) by extensions ['python_setup_py']
[0.891s] Level 1:colcon.colcon_core.package_identification:_identify(src) by extension 'python_setup_py'
[0.891s] Level 1:colcon.colcon_core.package_identification:_identify(src/auto_dock_sim_py_pkg) by extensions ['ignore', 'ignore_ament_install']
[0.891s] Level 1:colcon.colcon_core.package_identification:_identify(src/auto_dock_sim_py_pkg) by extension 'ignore'
[0.891s] Level 1:colcon.colcon_core.package_identification:_identify(src/auto_dock_sim_py_pkg) by extension 'ignore_ament_install'
[0.891s] Level 1:colcon.colcon_core.package_identification:_identify(src/auto_dock_sim_py_pkg) by extensions ['colcon_pkg']
[0.891s] Level 1:colcon.colcon_core.package_identification:_identify(src/auto_dock_sim_py_pkg) by extension 'colcon_pkg'
[0.891s] Level 1:colcon.colcon_core.package_identification:_identify(src/auto_dock_sim_py_pkg) by extensions ['colcon_meta']
[0.891s] Level 1:colcon.colcon_core.package_identification:_identify(src/auto_dock_sim_py_pkg) by extension 'colcon_meta'
[0.891s] Level 1:colcon.colcon_core.package_identification:_identify(src/auto_dock_sim_py_pkg) by extensions ['ros']
[0.891s] Level 1:colcon.colcon_core.package_identification:_identify(src/auto_dock_sim_py_pkg) by extension 'ros'
[0.894s] DEBUG:colcon.colcon_core.package_identification:Package 'src/auto_dock_sim_py_pkg' with type 'ros.ament_python' and name 'auto_dock_sim_py_pkg'
[0.895s] Level 1:colcon.colcon_core.package_identification:_identify(src/data_real_lidar) by extensions ['ignore', 'ignore_ament_install']
[0.895s] Level 1:colcon.colcon_core.package_identification:_identify(src/data_real_lidar) by extension 'ignore'
[0.895s] Level 1:colcon.colcon_core.package_identification:_identify(src/data_real_lidar) by extension 'ignore_ament_install'
[0.895s] Level 1:colcon.colcon_core.package_identification:_identify(src/data_real_lidar) by extensions ['colcon_pkg']
[0.895s] Level 1:colcon.colcon_core.package_identification:_identify(src/data_real_lidar) by extension 'colcon_pkg'
[0.895s] Level 1:colcon.colcon_core.package_identification:_identify(src/data_real_lidar) by extensions ['colcon_meta']
[0.895s] Level 1:colcon.colcon_core.package_identification:_identify(src/data_real_lidar) by extension 'colcon_meta'
[0.895s] Level 1:colcon.colcon_core.package_identification:_identify(src/data_real_lidar) by extensions ['ros']
[0.895s] Level 1:colcon.colcon_core.package_identification:_identify(src/data_real_lidar) by extension 'ros'
[0.895s] Level 1:colcon.colcon_core.package_identification:_identify(src/data_real_lidar) by extensions ['cmake', 'python']
[0.895s] Level 1:colcon.colcon_core.package_identification:_identify(src/data_real_lidar) by extension 'cmake'
[0.895s] Level 1:colcon.colcon_core.package_identification:_identify(src/data_real_lidar) by extension 'python'
[0.895s] Level 1:colcon.colcon_core.package_identification:_identify(src/data_real_lidar) by extensions ['python_setup_py']
[0.895s] Level 1:colcon.colcon_core.package_identification:_identify(src/data_real_lidar) by extension 'python_setup_py'
[0.896s] Level 1:colcon.colcon_core.package_identification:_identify(src/data_real_lidar/liadr_test_data_01-02-66) by extensions ['ignore', 'ignore_ament_install']
[0.896s] Level 1:colcon.colcon_core.package_identification:_identify(src/data_real_lidar/liadr_test_data_01-02-66) by extension 'ignore'
[0.896s] Level 1:colcon.colcon_core.package_identification:_identify(src/data_real_lidar/liadr_test_data_01-02-66) by extension 'ignore_ament_install'
[0.896s] Level 1:colcon.colcon_core.package_identification:_identify(src/data_real_lidar/liadr_test_data_01-02-66) by extensions ['colcon_pkg']
[0.896s] Level 1:colcon.colcon_core.package_identification:_identify(src/data_real_lidar/liadr_test_data_01-02-66) by extension 'colcon_pkg'
[0.896s] Level 1:colcon.colcon_core.package_identification:_identify(src/data_real_lidar/liadr_test_data_01-02-66) by extensions ['colcon_meta']
[0.896s] Level 1:colcon.colcon_core.package_identification:_identify(src/data_real_lidar/liadr_test_data_01-02-66) by extension 'colcon_meta'
[0.896s] Level 1:colcon.colcon_core.package_identification:_identify(src/data_real_lidar/liadr_test_data_01-02-66) by extensions ['ros']
[0.896s] Level 1:colcon.colcon_core.package_identification:_identify(src/data_real_lidar/liadr_test_data_01-02-66) by extension 'ros'
[0.896s] Level 1:colcon.colcon_core.package_identification:_identify(src/data_real_lidar/liadr_test_data_01-02-66) by extensions ['cmake', 'python']
[0.896s] Level 1:colcon.colcon_core.package_identification:_identify(src/data_real_lidar/liadr_test_data_01-02-66) by extension 'cmake'
[0.896s] Level 1:colcon.colcon_core.package_identification:_identify(src/data_real_lidar/liadr_test_data_01-02-66) by extension 'python'
[0.896s] Level 1:colcon.colcon_core.package_identification:_identify(src/data_real_lidar/liadr_test_data_01-02-66) by extensions ['python_setup_py']
[0.896s] Level 1:colcon.colcon_core.package_identification:_identify(src/data_real_lidar/liadr_test_data_01-02-66) by extension 'python_setup_py'
[0.897s] Level 1:colcon.colcon_core.package_identification:_identify(src/data_real_lidar/liadr_test_data_23-01-66) by extensions ['ignore', 'ignore_ament_install']
[0.897s] Level 1:colcon.colcon_core.package_identification:_identify(src/data_real_lidar/liadr_test_data_23-01-66) by extension 'ignore'
[0.897s] Level 1:colcon.colcon_core.package_identification:_identify(src/data_real_lidar/liadr_test_data_23-01-66) by extension 'ignore_ament_install'
[0.897s] Level 1:colcon.colcon_core.package_identification:_identify(src/data_real_lidar/liadr_test_data_23-01-66) by extensions ['colcon_pkg']
[0.897s] Level 1:colcon.colcon_core.package_identification:_identify(src/data_real_lidar/liadr_test_data_23-01-66) by extension 'colcon_pkg'
[0.897s] Level 1:colcon.colcon_core.package_identification:_identify(src/data_real_lidar/liadr_test_data_23-01-66) by extensions ['colcon_meta']
[0.897s] Level 1:colcon.colcon_core.package_identification:_identify(src/data_real_lidar/liadr_test_data_23-01-66) by extension 'colcon_meta'
[0.897s] Level 1:colcon.colcon_core.package_identification:_identify(src/data_real_lidar/liadr_test_data_23-01-66) by extensions ['ros']
[0.897s] Level 1:colcon.colcon_core.package_identification:_identify(src/data_real_lidar/liadr_test_data_23-01-66) by extension 'ros'
[0.897s] Level 1:colcon.colcon_core.package_identification:_identify(src/data_real_lidar/liadr_test_data_23-01-66) by extensions ['cmake', 'python']
[0.897s] Level 1:colcon.colcon_core.package_identification:_identify(src/data_real_lidar/liadr_test_data_23-01-66) by extension 'cmake'
[0.897s] Level 1:colcon.colcon_core.package_identification:_identify(src/data_real_lidar/liadr_test_data_23-01-66) by extension 'python'
[0.897s] Level 1:colcon.colcon_core.package_identification:_identify(src/data_real_lidar/liadr_test_data_23-01-66) by extensions ['python_setup_py']
[0.897s] Level 1:colcon.colcon_core.package_identification:_identify(src/data_real_lidar/liadr_test_data_23-01-66) by extension 'python_setup_py'
[0.897s] Level 1:colcon.colcon_core.package_identification:_identify(src/data_real_lidar/liadr_test_data_26-01-66) by extensions ['ignore', 'ignore_ament_install']
[0.897s] Level 1:colcon.colcon_core.package_identification:_identify(src/data_real_lidar/liadr_test_data_26-01-66) by extension 'ignore'
[0.897s] Level 1:colcon.colcon_core.package_identification:_identify(src/data_real_lidar/liadr_test_data_26-01-66) by extension 'ignore_ament_install'
[0.898s] Level 1:colcon.colcon_core.package_identification:_identify(src/data_real_lidar/liadr_test_data_26-01-66) by extensions ['colcon_pkg']
[0.898s] Level 1:colcon.colcon_core.package_identification:_identify(src/data_real_lidar/liadr_test_data_26-01-66) by extension 'colcon_pkg'
[0.898s] Level 1:colcon.colcon_core.package_identification:_identify(src/data_real_lidar/liadr_test_data_26-01-66) by extensions ['colcon_meta']
[0.898s] Level 1:colcon.colcon_core.package_identification:_identify(src/data_real_lidar/liadr_test_data_26-01-66) by extension 'colcon_meta'
[0.898s] Level 1:colcon.colcon_core.package_identification:_identify(src/data_real_lidar/liadr_test_data_26-01-66) by extensions ['ros']
[0.898s] Level 1:colcon.colcon_core.package_identification:_identify(src/data_real_lidar/liadr_test_data_26-01-66) by extension 'ros'
[0.898s] Level 1:colcon.colcon_core.package_identification:_identify(src/data_real_lidar/liadr_test_data_26-01-66) by extensions ['cmake', 'python']
[0.898s] Level 1:colcon.colcon_core.package_identification:_identify(src/data_real_lidar/liadr_test_data_26-01-66) by extension 'cmake'
[0.898s] Level 1:colcon.colcon_core.package_identification:_identify(src/data_real_lidar/liadr_test_data_26-01-66) by extension 'python'
[0.898s] Level 1:colcon.colcon_core.package_identification:_identify(src/data_real_lidar/liadr_test_data_26-01-66) by extensions ['python_setup_py']
[0.898s] Level 1:colcon.colcon_core.package_identification:_identify(src/data_real_lidar/liadr_test_data_26-01-66) by extension 'python_setup_py'
[0.898s] Level 1:colcon.colcon_core.package_identification:_identify(src/learning_tf2_py) by extensions ['ignore', 'ignore_ament_install']
[0.898s] Level 1:colcon.colcon_core.package_identification:_identify(src/learning_tf2_py) by extension 'ignore'
[0.898s] Level 1:colcon.colcon_core.package_identification:_identify(src/learning_tf2_py) by extension 'ignore_ament_install'
[0.898s] Level 1:colcon.colcon_core.package_identification:_identify(src/learning_tf2_py) by extensions ['colcon_pkg']
[0.898s] Level 1:colcon.colcon_core.package_identification:_identify(src/learning_tf2_py) by extension 'colcon_pkg'
[0.898s] Level 1:colcon.colcon_core.package_identification:_identify(src/learning_tf2_py) by extensions ['colcon_meta']
[0.898s] Level 1:colcon.colcon_core.package_identification:_identify(src/learning_tf2_py) by extension 'colcon_meta'
[0.898s] Level 1:colcon.colcon_core.package_identification:_identify(src/learning_tf2_py) by extensions ['ros']
[0.898s] Level 1:colcon.colcon_core.package_identification:_identify(src/learning_tf2_py) by extension 'ros'
[0.899s] DEBUG:colcon.colcon_core.package_identification:Package 'src/learning_tf2_py' with type 'ros.ament_python' and name 'learning_tf2_py'
[0.899s] Level 1:colcon.colcon_core.package_identification:_identify(src/scripts_test_analys_data) by extensions ['ignore', 'ignore_ament_install']
[0.899s] Level 1:colcon.colcon_core.package_identification:_identify(src/scripts_test_analys_data) by extension 'ignore'
[0.899s] Level 1:colcon.colcon_core.package_identification:_identify(src/scripts_test_analys_data) by extension 'ignore_ament_install'
[0.899s] Level 1:colcon.colcon_core.package_identification:_identify(src/scripts_test_analys_data) by extensions ['colcon_pkg']
[0.899s] Level 1:colcon.colcon_core.package_identification:_identify(src/scripts_test_analys_data) by extension 'colcon_pkg'
[0.899s] Level 1:colcon.colcon_core.package_identification:_identify(src/scripts_test_analys_data) by extensions ['colcon_meta']
[0.899s] Level 1:colcon.colcon_core.package_identification:_identify(src/scripts_test_analys_data) by extension 'colcon_meta'
[0.900s] Level 1:colcon.colcon_core.package_identification:_identify(src/scripts_test_analys_data) by extensions ['ros']
[0.900s] Level 1:colcon.colcon_core.package_identification:_identify(src/scripts_test_analys_data) by extension 'ros'
[0.900s] Level 1:colcon.colcon_core.package_identification:_identify(src/scripts_test_analys_data) by extensions ['cmake', 'python']
[0.900s] Level 1:colcon.colcon_core.package_identification:_identify(src/scripts_test_analys_data) by extension 'cmake'
[0.900s] Level 1:colcon.colcon_core.package_identification:_identify(src/scripts_test_analys_data) by extension 'python'
[0.900s] Level 1:colcon.colcon_core.package_identification:_identify(src/scripts_test_analys_data) by extensions ['python_setup_py']
[0.900s] Level 1:colcon.colcon_core.package_identification:_identify(src/scripts_test_analys_data) by extension 'python_setup_py'
[0.900s] Level 1:colcon.colcon_core.package_discovery:discover_packages(recursive) using defaults
[0.900s] Level 1:colcon.colcon_core.package_discovery:discover_packages(ignore) discover
[0.900s] Level 1:colcon.colcon_core.package_discovery:discover_packages(ignore) using defaults
[0.900s] Level 1:colcon.colcon_core.package_discovery:discover_packages(path) discover
[0.900s] Level 1:colcon.colcon_core.package_discovery:discover_packages(path) using defaults
[0.967s] INFO:colcon.colcon_core.package_selection:Skipping not selected package 'auto_dock_sim_py_pkg' in 'src/auto_dock_sim_py_pkg'
[0.969s] Level 1:colcon.colcon_core.package_discovery:discover_packages(prefix_path) check parameters
[0.969s] Level 1:colcon.colcon_core.package_discovery:discover_packages(prefix_path) discover
[0.989s] DEBUG:colcon.colcon_installed_package_information.package_discovery:Found 2 installed packages in /home/waraset/auto_dock_sim_ws/install
[0.992s] DEBUG:colcon.colcon_installed_package_information.package_discovery:Found 1 installed packages in /home/waraset/neobotix_workspace/install
[1.012s] DEBUG:colcon.colcon_installed_package_information.package_discovery:Found 311 installed packages in /home/waraset/ros2_foxy/install
[1.019s] DEBUG:colcon.colcon_installed_package_information.package_discovery:Found 2 installed packages in /home/waraset/ros2_ws/install
[1.024s] DEBUG:colcon.colcon_installed_package_information.package_discovery:Found 307 installed packages in /opt/ros/foxy
[1.037s] Level 1:colcon.colcon_core.package_discovery:discover_packages(prefix_path) using defaults
[1.170s] Level 5:colcon.colcon_core.verb:set package 'learning_tf2_py' build argument 'cmake_args' from command line to 'None'
[1.171s] Level 5:colcon.colcon_core.verb:set package 'learning_tf2_py' build argument 'cmake_target' from command line to 'None'
[1.171s] Level 5:colcon.colcon_core.verb:set package 'learning_tf2_py' build argument 'cmake_target_skip_unavailable' from command line to 'False'
[1.171s] Level 5:colcon.colcon_core.verb:set package 'learning_tf2_py' build argument 'cmake_clean_cache' from command line to 'False'
[1.171s] Level 5:colcon.colcon_core.verb:set package 'learning_tf2_py' build argument 'cmake_clean_first' from command line to 'False'
[1.171s] Level 5:colcon.colcon_core.verb:set package 'learning_tf2_py' build argument 'cmake_force_configure' from command line to 'False'
[1.171s] Level 5:colcon.colcon_core.verb:set package 'learning_tf2_py' build argument 'ament_cmake_args' from command line to 'None'
[1.171s] Level 5:colcon.colcon_core.verb:set package 'learning_tf2_py' build argument 'catkin_cmake_args' from command line to 'None'
[1.171s] Level 5:colcon.colcon_core.verb:set package 'learning_tf2_py' build argument 'catkin_skip_building_tests' from command line to 'False'
[1.171s] DEBUG:colcon.colcon_core.verb:Building package 'learning_tf2_py' with the following arguments: {'ament_cmake_args': None, 'build_base': '/home/waraset/auto_dock_sim_ws/build/learning_tf2_py', 'catkin_cmake_args': None, 'catkin_skip_building_tests': False, 'cmake_args': None, 'cmake_clean_cache': False, 'cmake_clean_first': False, 'cmake_force_configure': False, 'cmake_target': None, 'cmake_target_skip_unavailable': False, 'install_base': '/home/waraset/auto_dock_sim_ws/install/learning_tf2_py', 'merge_install': False, 'path': '/home/waraset/auto_dock_sim_ws/src/learning_tf2_py', 'symlink_install': False, 'test_result_base': None}
[1.173s] INFO:colcon.colcon_core.executor:Executing jobs using 'parallel' executor
[1.188s] DEBUG:colcon.colcon_parallel_executor.executor.parallel:run_until_complete
[1.188s] INFO:colcon.colcon_ros.task.ament_python.build:Building ROS package in '/home/waraset/auto_dock_sim_ws/src/learning_tf2_py' with build type 'ament_python'
[1.189s] Level 1:colcon.colcon_core.shell:create_environment_hook('learning_tf2_py', 'ament_prefix_path')
[1.204s] INFO:colcon.colcon_core.plugin_system:Skipping extension 'colcon_core.shell.bat': Not used on non-Windows systems
[1.205s] INFO:colcon.colcon_core.shell:Creating environment hook '/home/waraset/auto_dock_sim_ws/install/learning_tf2_py/share/learning_tf2_py/hook/ament_prefix_path.ps1'
[1.205s] INFO:colcon.colcon_core.shell:Creating environment descriptor '/home/waraset/auto_dock_sim_ws/install/learning_tf2_py/share/learning_tf2_py/hook/ament_prefix_path.dsv'
[1.206s] INFO:colcon.colcon_core.shell:Creating environment hook '/home/waraset/auto_dock_sim_ws/install/learning_tf2_py/share/learning_tf2_py/hook/ament_prefix_path.sh'
[1.213s] INFO:colcon.colcon_core.shell:Skip shell extension 'powershell' for command environment: Not usable outside of PowerShell
[1.213s] DEBUG:colcon.colcon_core.shell:Skip shell extension 'dsv' for command environment
[2.194s] INFO:colcon.colcon_core.task.python.build:Building Python package in '/home/waraset/auto_dock_sim_ws/src/learning_tf2_py'
[2.207s] INFO:colcon.colcon_core.shell:Skip shell extension 'powershell' for command environment: Not usable outside of PowerShell
[2.207s] DEBUG:colcon.colcon_core.shell:Skip shell extension 'dsv' for command environment
[3.472s] DEBUG:colcon.colcon_core.event_handler.log_command:Invoking command in '/home/waraset/auto_dock_sim_ws/build/learning_tf2_py': PYTHONPATH=/home/waraset/auto_dock_sim_ws/build/learning_tf2_py/prefix_override:/home/waraset/auto_dock_sim_ws/install/learning_tf2_py/lib/python3.8/site-packages:${PYTHONPATH} /usr/bin/python3 setup.py develop --uninstall --editable --build-directory /home/waraset/auto_dock_sim_ws/build/learning_tf2_py/build
[4.612s] DEBUG:colcon.colcon_core.event_handler.log_command:Invoked command in '/home/waraset/auto_dock_sim_ws/build/learning_tf2_py' returned '0': PYTHONPATH=/home/waraset/auto_dock_sim_ws/build/learning_tf2_py/prefix_override:/home/waraset/auto_dock_sim_ws/install/learning_tf2_py/lib/python3.8/site-packages:${PYTHONPATH} /usr/bin/python3 setup.py develop --uninstall --editable --build-directory /home/waraset/auto_dock_sim_ws/build/learning_tf2_py/build
[4.615s] DEBUG:colcon.colcon_core.event_handler.log_command:Invoking command in '/home/waraset/auto_dock_sim_ws/src/learning_tf2_py': PYTHONPATH=/home/waraset/auto_dock_sim_ws/build/learning_tf2_py/prefix_override:/home/waraset/auto_dock_sim_ws/install/learning_tf2_py/lib/python3.8/site-packages:${PYTHONPATH} /usr/bin/python3 setup.py egg_info --egg-base ../../build/learning_tf2_py build --build-base /home/waraset/auto_dock_sim_ws/build/learning_tf2_py/build install --record /home/waraset/auto_dock_sim_ws/build/learning_tf2_py/install.log --install-scripts $base/lib/learning_tf2_py --single-version-externally-managed
[5.672s] DEBUG:colcon.colcon_core.event_handler.log_command:Invoked command in '/home/waraset/auto_dock_sim_ws/src/learning_tf2_py' returned '0': PYTHONPATH=/home/waraset/auto_dock_sim_ws/build/learning_tf2_py/prefix_override:/home/waraset/auto_dock_sim_ws/install/learning_tf2_py/lib/python3.8/site-packages:${PYTHONPATH} /usr/bin/python3 setup.py egg_info --egg-base ../../build/learning_tf2_py build --build-base /home/waraset/auto_dock_sim_ws/build/learning_tf2_py/build install --record /home/waraset/auto_dock_sim_ws/build/learning_tf2_py/install.log --install-scripts $base/lib/learning_tf2_py --single-version-externally-managed
[5.691s] Level 1:colcon.colcon_core.environment:checking '/home/waraset/auto_dock_sim_ws/install/learning_tf2_py' for CMake module files
[5.691s] Level 1:colcon.colcon_core.environment:checking '/home/waraset/auto_dock_sim_ws/install/learning_tf2_py' for CMake config files
[5.692s] Level 1:colcon.colcon_core.environment:checking '/home/waraset/auto_dock_sim_ws/install/learning_tf2_py/lib'
[5.692s] Level 1:colcon.colcon_core.environment:checking '/home/waraset/auto_dock_sim_ws/install/learning_tf2_py/bin'
[5.693s] Level 1:colcon.colcon_core.environment:checking '/home/waraset/auto_dock_sim_ws/install/learning_tf2_py/lib/pkgconfig/learning_tf2_py.pc'
[5.693s] Level 1:colcon.colcon_core.environment:checking '/home/waraset/auto_dock_sim_ws/install/learning_tf2_py/lib/python3.8/site-packages'
[5.693s] Level 1:colcon.colcon_core.shell:create_environment_hook('learning_tf2_py', 'pythonpath')
[5.698s] INFO:colcon.colcon_core.shell:Creating environment hook '/home/waraset/auto_dock_sim_ws/install/learning_tf2_py/share/learning_tf2_py/hook/pythonpath.ps1'
[5.699s] INFO:colcon.colcon_core.shell:Creating environment descriptor '/home/waraset/auto_dock_sim_ws/install/learning_tf2_py/share/learning_tf2_py/hook/pythonpath.dsv'
[5.699s] INFO:colcon.colcon_core.shell:Creating environment hook '/home/waraset/auto_dock_sim_ws/install/learning_tf2_py/share/learning_tf2_py/hook/pythonpath.sh'
[5.700s] Level 1:colcon.colcon_core.environment:checking '/home/waraset/auto_dock_sim_ws/install/learning_tf2_py/bin'
[5.700s] Level 1:colcon.colcon_core.environment:create_environment_scripts_only(learning_tf2_py)
[5.705s] INFO:colcon.colcon_core.shell:Creating package script '/home/waraset/auto_dock_sim_ws/install/learning_tf2_py/share/learning_tf2_py/package.ps1'
[5.707s] INFO:colcon.colcon_core.shell:Creating package descriptor '/home/waraset/auto_dock_sim_ws/install/learning_tf2_py/share/learning_tf2_py/package.dsv'
[5.707s] INFO:colcon.colcon_core.shell:Creating package script '/home/waraset/auto_dock_sim_ws/install/learning_tf2_py/share/learning_tf2_py/package.sh'
[5.708s] INFO:colcon.colcon_core.shell:Creating package script '/home/waraset/auto_dock_sim_ws/install/learning_tf2_py/share/learning_tf2_py/package.bash'
[5.709s] INFO:colcon.colcon_core.shell:Creating package script '/home/waraset/auto_dock_sim_ws/install/learning_tf2_py/share/learning_tf2_py/package.zsh'
[5.710s] Level 1:colcon.colcon_core.environment:create_file_with_runtime_dependencies(/home/waraset/auto_dock_sim_ws/install/learning_tf2_py/share/colcon-core/packages/learning_tf2_py)
[5.710s] DEBUG:colcon.colcon_parallel_executor.executor.parallel:closing loop
[5.710s] DEBUG:colcon.colcon_parallel_executor.executor.parallel:loop closed
[5.710s] DEBUG:colcon.colcon_parallel_executor.executor.parallel:run_until_complete finished with '0'
[5.710s] DEBUG:colcon.colcon_core.event_reactor:joining thread
[5.729s] INFO:colcon.colcon_core.plugin_system:Skipping extension 'colcon_notification.desktop_notification.terminal_notifier': Not used on non-Darwin systems
[5.729s] INFO:colcon.colcon_core.plugin_system:Skipping extension 'colcon_notification.desktop_notification.win32': Not used on non-Windows systems
[5.729s] INFO:colcon.colcon_notification.desktop_notification:Sending desktop notification using 'notify2'
[5.749s] DEBUG:colcon.colcon_core.event_reactor:joined thread
[5.756s] INFO:colcon.colcon_core.shell:Creating prefix script '/home/waraset/auto_dock_sim_ws/install/local_setup.ps1'
[5.757s] INFO:colcon.colcon_core.shell:Creating prefix util module '/home/waraset/auto_dock_sim_ws/install/_local_setup_util_ps1.py'
[5.758s] INFO:colcon.colcon_core.shell:Creating prefix chain script '/home/waraset/auto_dock_sim_ws/install/setup.ps1'
[5.781s] INFO:colcon.colcon_core.shell:Creating prefix script '/home/waraset/auto_dock_sim_ws/install/local_setup.sh'
[5.782s] INFO:colcon.colcon_core.shell:Creating prefix util module '/home/waraset/auto_dock_sim_ws/install/_local_setup_util_sh.py'
[5.782s] INFO:colcon.colcon_core.shell:Creating prefix chain script '/home/waraset/auto_dock_sim_ws/install/setup.sh'
[5.796s] INFO:colcon.colcon_core.shell:Creating prefix script '/home/waraset/auto_dock_sim_ws/install/local_setup.bash'
[5.797s] INFO:colcon.colcon_core.shell:Creating prefix chain script '/home/waraset/auto_dock_sim_ws/install/setup.bash'
[5.810s] INFO:colcon.colcon_core.shell:Creating prefix script '/home/waraset/auto_dock_sim_ws/install/local_setup.zsh'
[5.811s] INFO:colcon.colcon_core.shell:Creating prefix chain script '/home/waraset/auto_dock_sim_ws/install/setup.zsh'
