[0.748s] DEBUG:colcon:Command line arguments: ['/usr/bin/colcon', 'build', '--symlink-install']
[0.748s] DEBUG:colcon:Parsed command line arguments: Namespace(allow_overriding=[], ament_cmake_args=None, base_paths=['.'], build_base='build', catkin_cmake_args=None, catkin_skip_building_tests=False, cmake_args=None, cmake_clean_cache=False, cmake_clean_first=False, cmake_force_configure=False, cmake_target=None, cmake_target_skip_unavailable=False, continue_on_error=False, event_handlers=None, executor='parallel', ignore_user_meta=False, install_base='install', log_base=None, log_level=None, main=<bound method BuildVerb.main of <colcon_core.verb.build.BuildVerb object at 0x7f01c81ea7c0>>, merge_install=False, metas=['./colcon.meta'], packages_above=None, packages_above_and_dependencies=None, packages_above_depth=None, packages_end=None, packages_ignore=None, packages_ignore_regex=None, packages_select=None, packages_select_build_failed=False, packages_select_by_dep=None, packages_select_regex=None, packages_select_test_failures=False, packages_skip=None, packages_skip_build_finished=False, packages_skip_by_dep=None, packages_skip_regex=None, packages_skip_test_passed=False, packages_skip_up_to=None, packages_start=None, packages_up_to=None, packages_up_to_regex=None, parallel_workers=8, paths=None, symlink_install=True, test_result_base=None, verb_extension=<colcon_core.verb.build.BuildVerb object at 0x7f01c81ea7c0>, verb_name='build', verb_parser=<colcon_defaults.argument_parser.defaults.DefaultArgumentsDecorator object at 0x7f01c81f74c0>)
[0.854s] Level 1:colcon.colcon_core.package_discovery:discover_packages(colcon_meta) check parameters
[0.854s] Level 1:colcon.colcon_core.package_discovery:discover_packages(recursive) check parameters
[0.854s] Level 1:colcon.colcon_core.package_discovery:discover_packages(ignore) check parameters
[0.854s] Level 1:colcon.colcon_core.package_discovery:discover_packages(path) check parameters
[0.854s] Level 1:colcon.colcon_core.package_discovery:discover_packages(colcon_meta) discover
[0.854s] Level 1:colcon.colcon_core.package_discovery:discover_packages(recursive) discover
[0.854s] INFO:colcon.colcon_core.package_discovery:Crawling recursively for packages in '/home/waraset/auto_dock_sim_ws'
[0.854s] Level 1:colcon.colcon_core.package_identification:_identify(.) by extensions ['ignore', 'ignore_ament_install']
[0.854s] Level 1:colcon.colcon_core.package_identification:_identify(.) by extension 'ignore'
[0.855s] Level 1:colcon.colcon_core.package_identification:_identify(.) by extension 'ignore_ament_install'
[0.855s] Level 1:colcon.colcon_core.package_identification:_identify(.) by extensions ['colcon_pkg']
[0.855s] Level 1:colcon.colcon_core.package_identification:_identify(.) by extension 'colcon_pkg'
[0.855s] Level 1:colcon.colcon_core.package_identification:_identify(.) by extensions ['colcon_meta']
[0.855s] Level 1:colcon.colcon_core.package_identification:_identify(.) by extension 'colcon_meta'
[0.855s] Level 1:colcon.colcon_core.package_identification:_identify(.) by extensions ['ros']
[0.855s] Level 1:colcon.colcon_core.package_identification:_identify(.) by extension 'ros'
[0.872s] Level 1:colcon.colcon_core.package_identification:_identify(.) by extensions ['cmake', 'python']
[0.872s] Level 1:colcon.colcon_core.package_identification:_identify(.) by extension 'cmake'
[0.872s] Level 1:colcon.colcon_core.package_identification:_identify(.) by extension 'python'
[0.872s] Level 1:colcon.colcon_core.package_identification:_identify(.) by extensions ['python_setup_py']
[0.872s] Level 1:colcon.colcon_core.package_identification:_identify(.) by extension 'python_setup_py'
[0.872s] Level 1:colcon.colcon_core.package_identification:_identify(build) by extensions ['ignore', 'ignore_ament_install']
[0.872s] Level 1:colcon.colcon_core.package_identification:_identify(build) by extension 'ignore'
[0.872s] Level 1:colcon.colcon_core.package_identification:_identify(build) ignored
[0.873s] Level 1:colcon.colcon_core.package_identification:_identify(install) by extensions ['ignore', 'ignore_ament_install']
[0.873s] Level 1:colcon.colcon_core.package_identification:_identify(install) by extension 'ignore'
[0.873s] Level 1:colcon.colcon_core.package_identification:_identify(install) ignored
[0.873s] Level 1:colcon.colcon_core.package_identification:_identify(log) by extensions ['ignore', 'ignore_ament_install']
[0.873s] Level 1:colcon.colcon_core.package_identification:_identify(log) by extension 'ignore'
[0.874s] Level 1:colcon.colcon_core.package_identification:_identify(log) ignored
[0.874s] Level 1:colcon.colcon_core.package_identification:_identify(src) by extensions ['ignore', 'ignore_ament_install']
[0.874s] Level 1:colcon.colcon_core.package_identification:_identify(src) by extension 'ignore'
[0.874s] Level 1:colcon.colcon_core.package_identification:_identify(src) by extension 'ignore_ament_install'
[0.874s] Level 1:colcon.colcon_core.package_identification:_identify(src) by extensions ['colcon_pkg']
[0.874s] Level 1:colcon.colcon_core.package_identification:_identify(src) by extension 'colcon_pkg'
[0.875s] Level 1:colcon.colcon_core.package_identification:_identify(src) by extensions ['colcon_meta']
[0.875s] Level 1:colcon.colcon_core.package_identification:_identify(src) by extension 'colcon_meta'
[0.875s] Level 1:colcon.colcon_core.package_identification:_identify(src) by extensions ['ros']
[0.875s] Level 1:colcon.colcon_core.package_identification:_identify(src) by extension 'ros'
[0.875s] Level 1:colcon.colcon_core.package_identification:_identify(src) by extensions ['cmake', 'python']
[0.875s] Level 1:colcon.colcon_core.package_identification:_identify(src) by extension 'cmake'
[0.875s] Level 1:colcon.colcon_core.package_identification:_identify(src) by extension 'python'
[0.875s] Level 1:colcon.colcon_core.package_identification:_identify(src) by extensions ['python_setup_py']
[0.875s] Level 1:colcon.colcon_core.package_identification:_identify(src) by extension 'python_setup_py'
[0.876s] Level 1:colcon.colcon_core.package_identification:_identify(src/auto_dock_sim_py_pkg) by extensions ['ignore', 'ignore_ament_install']
[0.876s] Level 1:colcon.colcon_core.package_identification:_identify(src/auto_dock_sim_py_pkg) by extension 'ignore'
[0.876s] Level 1:colcon.colcon_core.package_identification:_identify(src/auto_dock_sim_py_pkg) by extension 'ignore_ament_install'
[0.877s] Level 1:colcon.colcon_core.package_identification:_identify(src/auto_dock_sim_py_pkg) by extensions ['colcon_pkg']
[0.877s] Level 1:colcon.colcon_core.package_identification:_identify(src/auto_dock_sim_py_pkg) by extension 'colcon_pkg'
[0.877s] Level 1:colcon.colcon_core.package_identification:_identify(src/auto_dock_sim_py_pkg) by extensions ['colcon_meta']
[0.877s] Level 1:colcon.colcon_core.package_identification:_identify(src/auto_dock_sim_py_pkg) by extension 'colcon_meta'
[0.877s] Level 1:colcon.colcon_core.package_identification:_identify(src/auto_dock_sim_py_pkg) by extensions ['ros']
[0.877s] Level 1:colcon.colcon_core.package_identification:_identify(src/auto_dock_sim_py_pkg) by extension 'ros'
[0.881s] DEBUG:colcon.colcon_core.package_identification:Package 'src/auto_dock_sim_py_pkg' with type 'ros.ament_python' and name 'auto_dock_sim_py_pkg'
[0.881s] Level 1:colcon.colcon_core.package_identification:_identify(src/data_real_lidar) by extensions ['ignore', 'ignore_ament_install']
[0.881s] Level 1:colcon.colcon_core.package_identification:_identify(src/data_real_lidar) by extension 'ignore'
[0.881s] Level 1:colcon.colcon_core.package_identification:_identify(src/data_real_lidar) by extension 'ignore_ament_install'
[0.881s] Level 1:colcon.colcon_core.package_identification:_identify(src/data_real_lidar) by extensions ['colcon_pkg']
[0.881s] Level 1:colcon.colcon_core.package_identification:_identify(src/data_real_lidar) by extension 'colcon_pkg'
[0.881s] Level 1:colcon.colcon_core.package_identification:_identify(src/data_real_lidar) by extensions ['colcon_meta']
[0.881s] Level 1:colcon.colcon_core.package_identification:_identify(src/data_real_lidar) by extension 'colcon_meta'
[0.881s] Level 1:colcon.colcon_core.package_identification:_identify(src/data_real_lidar) by extensions ['ros']
[0.881s] Level 1:colcon.colcon_core.package_identification:_identify(src/data_real_lidar) by extension 'ros'
[0.881s] Level 1:colcon.colcon_core.package_identification:_identify(src/data_real_lidar) by extensions ['cmake', 'python']
[0.881s] Level 1:colcon.colcon_core.package_identification:_identify(src/data_real_lidar) by extension 'cmake'
[0.881s] Level 1:colcon.colcon_core.package_identification:_identify(src/data_real_lidar) by extension 'python'
[0.882s] Level 1:colcon.colcon_core.package_identification:_identify(src/data_real_lidar) by extensions ['python_setup_py']
[0.882s] Level 1:colcon.colcon_core.package_identification:_identify(src/data_real_lidar) by extension 'python_setup_py'
[0.882s] Level 1:colcon.colcon_core.package_identification:_identify(src/data_real_lidar/liadr_test_data_01-02-66) by extensions ['ignore', 'ignore_ament_install']
[0.882s] Level 1:colcon.colcon_core.package_identification:_identify(src/data_real_lidar/liadr_test_data_01-02-66) by extension 'ignore'
[0.882s] Level 1:colcon.colcon_core.package_identification:_identify(src/data_real_lidar/liadr_test_data_01-02-66) by extension 'ignore_ament_install'
[0.882s] Level 1:colcon.colcon_core.package_identification:_identify(src/data_real_lidar/liadr_test_data_01-02-66) by extensions ['colcon_pkg']
[0.882s] Level 1:colcon.colcon_core.package_identification:_identify(src/data_real_lidar/liadr_test_data_01-02-66) by extension 'colcon_pkg'
[0.882s] Level 1:colcon.colcon_core.package_identification:_identify(src/data_real_lidar/liadr_test_data_01-02-66) by extensions ['colcon_meta']
[0.882s] Level 1:colcon.colcon_core.package_identification:_identify(src/data_real_lidar/liadr_test_data_01-02-66) by extension 'colcon_meta'
[0.882s] Level 1:colcon.colcon_core.package_identification:_identify(src/data_real_lidar/liadr_test_data_01-02-66) by extensions ['ros']
[0.882s] Level 1:colcon.colcon_core.package_identification:_identify(src/data_real_lidar/liadr_test_data_01-02-66) by extension 'ros'
[0.883s] Level 1:colcon.colcon_core.package_identification:_identify(src/data_real_lidar/liadr_test_data_01-02-66) by extensions ['cmake', 'python']
[0.883s] Level 1:colcon.colcon_core.package_identification:_identify(src/data_real_lidar/liadr_test_data_01-02-66) by extension 'cmake'
[0.883s] Level 1:colcon.colcon_core.package_identification:_identify(src/data_real_lidar/liadr_test_data_01-02-66) by extension 'python'
[0.883s] Level 1:colcon.colcon_core.package_identification:_identify(src/data_real_lidar/liadr_test_data_01-02-66) by extensions ['python_setup_py']
[0.883s] Level 1:colcon.colcon_core.package_identification:_identify(src/data_real_lidar/liadr_test_data_01-02-66) by extension 'python_setup_py'
[0.883s] Level 1:colcon.colcon_core.package_identification:_identify(src/data_real_lidar/liadr_test_data_23-01-66) by extensions ['ignore', 'ignore_ament_install']
[0.883s] Level 1:colcon.colcon_core.package_identification:_identify(src/data_real_lidar/liadr_test_data_23-01-66) by extension 'ignore'
[0.883s] Level 1:colcon.colcon_core.package_identification:_identify(src/data_real_lidar/liadr_test_data_23-01-66) by extension 'ignore_ament_install'
[0.883s] Level 1:colcon.colcon_core.package_identification:_identify(src/data_real_lidar/liadr_test_data_23-01-66) by extensions ['colcon_pkg']
[0.883s] Level 1:colcon.colcon_core.package_identification:_identify(src/data_real_lidar/liadr_test_data_23-01-66) by extension 'colcon_pkg'
[0.883s] Level 1:colcon.colcon_core.package_identification:_identify(src/data_real_lidar/liadr_test_data_23-01-66) by extensions ['colcon_meta']
[0.883s] Level 1:colcon.colcon_core.package_identification:_identify(src/data_real_lidar/liadr_test_data_23-01-66) by extension 'colcon_meta'
[0.883s] Level 1:colcon.colcon_core.package_identification:_identify(src/data_real_lidar/liadr_test_data_23-01-66) by extensions ['ros']
[0.883s] Level 1:colcon.colcon_core.package_identification:_identify(src/data_real_lidar/liadr_test_data_23-01-66) by extension 'ros'
[0.883s] Level 1:colcon.colcon_core.package_identification:_identify(src/data_real_lidar/liadr_test_data_23-01-66) by extensions ['cmake', 'python']
[0.883s] Level 1:colcon.colcon_core.package_identification:_identify(src/data_real_lidar/liadr_test_data_23-01-66) by extension 'cmake'
[0.883s] Level 1:colcon.colcon_core.package_identification:_identify(src/data_real_lidar/liadr_test_data_23-01-66) by extension 'python'
[0.884s] Level 1:colcon.colcon_core.package_identification:_identify(src/data_real_lidar/liadr_test_data_23-01-66) by extensions ['python_setup_py']
[0.884s] Level 1:colcon.colcon_core.package_identification:_identify(src/data_real_lidar/liadr_test_data_23-01-66) by extension 'python_setup_py'
[0.884s] Level 1:colcon.colcon_core.package_identification:_identify(src/data_real_lidar/liadr_test_data_26-01-66) by extensions ['ignore', 'ignore_ament_install']
[0.884s] Level 1:colcon.colcon_core.package_identification:_identify(src/data_real_lidar/liadr_test_data_26-01-66) by extension 'ignore'
[0.884s] Level 1:colcon.colcon_core.package_identification:_identify(src/data_real_lidar/liadr_test_data_26-01-66) by extension 'ignore_ament_install'
[0.884s] Level 1:colcon.colcon_core.package_identification:_identify(src/data_real_lidar/liadr_test_data_26-01-66) by extensions ['colcon_pkg']
[0.884s] Level 1:colcon.colcon_core.package_identification:_identify(src/data_real_lidar/liadr_test_data_26-01-66) by extension 'colcon_pkg'
[0.884s] Level 1:colcon.colcon_core.package_identification:_identify(src/data_real_lidar/liadr_test_data_26-01-66) by extensions ['colcon_meta']
[0.884s] Level 1:colcon.colcon_core.package_identification:_identify(src/data_real_lidar/liadr_test_data_26-01-66) by extension 'colcon_meta'
[0.884s] Level 1:colcon.colcon_core.package_identification:_identify(src/data_real_lidar/liadr_test_data_26-01-66) by extensions ['ros']
[0.884s] Level 1:colcon.colcon_core.package_identification:_identify(src/data_real_lidar/liadr_test_data_26-01-66) by extension 'ros'
[0.884s] Level 1:colcon.colcon_core.package_identification:_identify(src/data_real_lidar/liadr_test_data_26-01-66) by extensions ['cmake', 'python']
[0.884s] Level 1:colcon.colcon_core.package_identification:_identify(src/data_real_lidar/liadr_test_data_26-01-66) by extension 'cmake'
[0.885s] Level 1:colcon.colcon_core.package_identification:_identify(src/data_real_lidar/liadr_test_data_26-01-66) by extension 'python'
[0.885s] Level 1:colcon.colcon_core.package_identification:_identify(src/data_real_lidar/liadr_test_data_26-01-66) by extensions ['python_setup_py']
[0.885s] Level 1:colcon.colcon_core.package_identification:_identify(src/data_real_lidar/liadr_test_data_26-01-66) by extension 'python_setup_py'
[0.885s] Level 1:colcon.colcon_core.package_identification:_identify(src/learning_tf2_py) by extensions ['ignore', 'ignore_ament_install']
[0.885s] Level 1:colcon.colcon_core.package_identification:_identify(src/learning_tf2_py) by extension 'ignore'
[0.885s] Level 1:colcon.colcon_core.package_identification:_identify(src/learning_tf2_py) by extension 'ignore_ament_install'
[0.885s] Level 1:colcon.colcon_core.package_identification:_identify(src/learning_tf2_py) by extensions ['colcon_pkg']
[0.885s] Level 1:colcon.colcon_core.package_identification:_identify(src/learning_tf2_py) by extension 'colcon_pkg'
[0.885s] Level 1:colcon.colcon_core.package_identification:_identify(src/learning_tf2_py) by extensions ['colcon_meta']
[0.885s] Level 1:colcon.colcon_core.package_identification:_identify(src/learning_tf2_py) by extension 'colcon_meta'
[0.885s] Level 1:colcon.colcon_core.package_identification:_identify(src/learning_tf2_py) by extensions ['ros']
[0.885s] Level 1:colcon.colcon_core.package_identification:_identify(src/learning_tf2_py) by extension 'ros'
[0.886s] DEBUG:colcon.colcon_core.package_identification:Package 'src/learning_tf2_py' with type 'ros.ament_python' and name 'learning_tf2_py'
[0.886s] Level 1:colcon.colcon_core.package_identification:_identify(src/scripts_test_analys_data) by extensions ['ignore', 'ignore_ament_install']
[0.887s] Level 1:colcon.colcon_core.package_identification:_identify(src/scripts_test_analys_data) by extension 'ignore'
[0.887s] Level 1:colcon.colcon_core.package_identification:_identify(src/scripts_test_analys_data) by extension 'ignore_ament_install'
[0.887s] Level 1:colcon.colcon_core.package_identification:_identify(src/scripts_test_analys_data) by extensions ['colcon_pkg']
[0.887s] Level 1:colcon.colcon_core.package_identification:_identify(src/scripts_test_analys_data) by extension 'colcon_pkg'
[0.887s] Level 1:colcon.colcon_core.package_identification:_identify(src/scripts_test_analys_data) by extensions ['colcon_meta']
[0.887s] Level 1:colcon.colcon_core.package_identification:_identify(src/scripts_test_analys_data) by extension 'colcon_meta'
[0.887s] Level 1:colcon.colcon_core.package_identification:_identify(src/scripts_test_analys_data) by extensions ['ros']
[0.887s] Level 1:colcon.colcon_core.package_identification:_identify(src/scripts_test_analys_data) by extension 'ros'
[0.887s] Level 1:colcon.colcon_core.package_identification:_identify(src/scripts_test_analys_data) by extensions ['cmake', 'python']
[0.887s] Level 1:colcon.colcon_core.package_identification:_identify(src/scripts_test_analys_data) by extension 'cmake'
[0.887s] Level 1:colcon.colcon_core.package_identification:_identify(src/scripts_test_analys_data) by extension 'python'
[0.887s] Level 1:colcon.colcon_core.package_identification:_identify(src/scripts_test_analys_data) by extensions ['python_setup_py']
[0.887s] Level 1:colcon.colcon_core.package_identification:_identify(src/scripts_test_analys_data) by extension 'python_setup_py'
[0.888s] Level 1:colcon.colcon_core.package_discovery:discover_packages(recursive) using defaults
[0.888s] Level 1:colcon.colcon_core.package_discovery:discover_packages(ignore) discover
[0.888s] Level 1:colcon.colcon_core.package_discovery:discover_packages(ignore) using defaults
[0.888s] Level 1:colcon.colcon_core.package_discovery:discover_packages(path) discover
[0.888s] Level 1:colcon.colcon_core.package_discovery:discover_packages(path) using defaults
[0.954s] Level 1:colcon.colcon_core.package_discovery:discover_packages(prefix_path) check parameters
[0.954s] Level 1:colcon.colcon_core.package_discovery:discover_packages(prefix_path) discover
[0.974s] DEBUG:colcon.colcon_installed_package_information.package_discovery:Found 2 installed packages in /home/waraset/auto_dock_sim_ws/install
[0.978s] DEBUG:colcon.colcon_installed_package_information.package_discovery:Found 1 installed packages in /home/waraset/neobotix_workspace/install
[0.992s] DEBUG:colcon.colcon_installed_package_information.package_discovery:Found 311 installed packages in /home/waraset/ros2_foxy/install
[0.999s] DEBUG:colcon.colcon_installed_package_information.package_discovery:Found 2 installed packages in /home/waraset/ros2_ws/install
[1.003s] DEBUG:colcon.colcon_installed_package_information.package_discovery:Found 307 installed packages in /opt/ros/foxy
[1.017s] Level 1:colcon.colcon_core.package_discovery:discover_packages(prefix_path) using defaults
[1.301s] Level 5:colcon.colcon_core.verb:set package 'auto_dock_sim_py_pkg' build argument 'cmake_args' from command line to 'None'
[1.302s] Level 5:colcon.colcon_core.verb:set package 'auto_dock_sim_py_pkg' build argument 'cmake_target' from command line to 'None'
[1.302s] Level 5:colcon.colcon_core.verb:set package 'auto_dock_sim_py_pkg' build argument 'cmake_target_skip_unavailable' from command line to 'False'
[1.302s] Level 5:colcon.colcon_core.verb:set package 'auto_dock_sim_py_pkg' build argument 'cmake_clean_cache' from command line to 'False'
[1.302s] Level 5:colcon.colcon_core.verb:set package 'auto_dock_sim_py_pkg' build argument 'cmake_clean_first' from command line to 'False'
[1.302s] Level 5:colcon.colcon_core.verb:set package 'auto_dock_sim_py_pkg' build argument 'cmake_force_configure' from command line to 'False'
[1.302s] Level 5:colcon.colcon_core.verb:set package 'auto_dock_sim_py_pkg' build argument 'ament_cmake_args' from command line to 'None'
[1.302s] Level 5:colcon.colcon_core.verb:set package 'auto_dock_sim_py_pkg' build argument 'catkin_cmake_args' from command line to 'None'
[1.302s] Level 5:colcon.colcon_core.verb:set package 'auto_dock_sim_py_pkg' build argument 'catkin_skip_building_tests' from command line to 'False'
[1.302s] DEBUG:colcon.colcon_core.verb:Building package 'auto_dock_sim_py_pkg' with the following arguments: {'ament_cmake_args': None, 'build_base': '/home/waraset/auto_dock_sim_ws/build/auto_dock_sim_py_pkg', 'catkin_cmake_args': None, 'catkin_skip_building_tests': False, 'cmake_args': None, 'cmake_clean_cache': False, 'cmake_clean_first': False, 'cmake_force_configure': False, 'cmake_target': None, 'cmake_target_skip_unavailable': False, 'install_base': '/home/waraset/auto_dock_sim_ws/install/auto_dock_sim_py_pkg', 'merge_install': False, 'path': '/home/waraset/auto_dock_sim_ws/src/auto_dock_sim_py_pkg', 'symlink_install': True, 'test_result_base': None}
[1.305s] Level 5:colcon.colcon_core.verb:set package 'learning_tf2_py' build argument 'cmake_args' from command line to 'None'
[1.305s] Level 5:colcon.colcon_core.verb:set package 'learning_tf2_py' build argument 'cmake_target' from command line to 'None'
[1.305s] Level 5:colcon.colcon_core.verb:set package 'learning_tf2_py' build argument 'cmake_target_skip_unavailable' from command line to 'False'
[1.305s] Level 5:colcon.colcon_core.verb:set package 'learning_tf2_py' build argument 'cmake_clean_cache' from command line to 'False'
[1.305s] Level 5:colcon.colcon_core.verb:set package 'learning_tf2_py' build argument 'cmake_clean_first' from command line to 'False'
[1.305s] Level 5:colcon.colcon_core.verb:set package 'learning_tf2_py' build argument 'cmake_force_configure' from command line to 'False'
[1.305s] Level 5:colcon.colcon_core.verb:set package 'learning_tf2_py' build argument 'ament_cmake_args' from command line to 'None'
[1.305s] Level 5:colcon.colcon_core.verb:set package 'learning_tf2_py' build argument 'catkin_cmake_args' from command line to 'None'
[1.305s] Level 5:colcon.colcon_core.verb:set package 'learning_tf2_py' build argument 'catkin_skip_building_tests' from command line to 'False'
[1.305s] DEBUG:colcon.colcon_core.verb:Building package 'learning_tf2_py' with the following arguments: {'ament_cmake_args': None, 'build_base': '/home/waraset/auto_dock_sim_ws/build/learning_tf2_py', 'catkin_cmake_args': None, 'catkin_skip_building_tests': False, 'cmake_args': None, 'cmake_clean_cache': False, 'cmake_clean_first': False, 'cmake_force_configure': False, 'cmake_target': None, 'cmake_target_skip_unavailable': False, 'install_base': '/home/waraset/auto_dock_sim_ws/install/learning_tf2_py', 'merge_install': False, 'path': '/home/waraset/auto_dock_sim_ws/src/learning_tf2_py', 'symlink_install': True, 'test_result_base': None}
[1.308s] INFO:colcon.colcon_core.executor:Executing jobs using 'parallel' executor
[1.321s] DEBUG:colcon.colcon_parallel_executor.executor.parallel:run_until_complete
[1.321s] INFO:colcon.colcon_ros.task.ament_python.build:Building ROS package in '/home/waraset/auto_dock_sim_ws/src/auto_dock_sim_py_pkg' with build type 'ament_python'
[1.322s] Level 1:colcon.colcon_core.shell:create_environment_hook('auto_dock_sim_py_pkg', 'ament_prefix_path')
[1.338s] INFO:colcon.colcon_core.plugin_system:Skipping extension 'colcon_core.shell.bat': Not used on non-Windows systems
[1.339s] INFO:colcon.colcon_core.shell:Creating environment hook '/home/waraset/auto_dock_sim_ws/install/auto_dock_sim_py_pkg/share/auto_dock_sim_py_pkg/hook/ament_prefix_path.ps1'
[1.339s] INFO:colcon.colcon_core.shell:Creating environment descriptor '/home/waraset/auto_dock_sim_ws/install/auto_dock_sim_py_pkg/share/auto_dock_sim_py_pkg/hook/ament_prefix_path.dsv'
[1.340s] INFO:colcon.colcon_core.shell:Creating environment hook '/home/waraset/auto_dock_sim_ws/install/auto_dock_sim_py_pkg/share/auto_dock_sim_py_pkg/hook/ament_prefix_path.sh'
[1.347s] INFO:colcon.colcon_core.shell:Skip shell extension 'powershell' for command environment: Not usable outside of PowerShell
[1.347s] DEBUG:colcon.colcon_core.shell:Skip shell extension 'dsv' for command environment
[1.392s] INFO:colcon.colcon_ros.task.ament_python.build:Building ROS package in '/home/waraset/auto_dock_sim_ws/src/learning_tf2_py' with build type 'ament_python'
[1.393s] Level 1:colcon.colcon_core.shell:create_environment_hook('learning_tf2_py', 'ament_prefix_path')
[1.400s] INFO:colcon.colcon_core.shell:Creating environment hook '/home/waraset/auto_dock_sim_ws/install/learning_tf2_py/share/learning_tf2_py/hook/ament_prefix_path.ps1'
[1.401s] INFO:colcon.colcon_core.shell:Creating environment descriptor '/home/waraset/auto_dock_sim_ws/install/learning_tf2_py/share/learning_tf2_py/hook/ament_prefix_path.dsv'
[1.401s] INFO:colcon.colcon_core.shell:Creating environment hook '/home/waraset/auto_dock_sim_ws/install/learning_tf2_py/share/learning_tf2_py/hook/ament_prefix_path.sh'
[1.408s] INFO:colcon.colcon_core.shell:Skip shell extension 'powershell' for command environment: Not usable outside of PowerShell
[1.409s] DEBUG:colcon.colcon_core.shell:Skip shell extension 'dsv' for command environment
[2.451s] INFO:colcon.colcon_core.task.python.build:Building Python package in '/home/waraset/auto_dock_sim_ws/src/auto_dock_sim_py_pkg'
[2.461s] INFO:colcon.colcon_core.shell:Skip shell extension 'powershell' for command environment: Not usable outside of PowerShell
[2.461s] DEBUG:colcon.colcon_core.shell:Skip shell extension 'dsv' for command environment
[3.522s] INFO:colcon.colcon_core.task.python.build:Building Python package in '/home/waraset/auto_dock_sim_ws/src/learning_tf2_py'
[3.531s] INFO:colcon.colcon_core.shell:Skip shell extension 'powershell' for command environment: Not usable outside of PowerShell
[3.531s] DEBUG:colcon.colcon_core.shell:Skip shell extension 'dsv' for command environment
[5.022s] DEBUG:colcon.colcon_core.event_handler.log_command:Invoking command in '/home/waraset/auto_dock_sim_ws/build/learning_tf2_py': PYTHONPATH=/home/waraset/auto_dock_sim_ws/build/learning_tf2_py/prefix_override:/home/waraset/auto_dock_sim_ws/install/learning_tf2_py/lib/python3.8/site-packages:${PYTHONPATH} /usr/bin/python3 setup.py develop --editable --build-directory /home/waraset/auto_dock_sim_ws/build/learning_tf2_py/build --no-deps install_data
[5.041s] DEBUG:colcon.colcon_core.event_handler.log_command:Invoking command in '/home/waraset/auto_dock_sim_ws/build/auto_dock_sim_py_pkg': PYTHONPATH=/home/waraset/auto_dock_sim_ws/build/auto_dock_sim_py_pkg/prefix_override:/home/waraset/auto_dock_sim_ws/install/auto_dock_sim_py_pkg/lib/python3.8/site-packages:${PYTHONPATH} /usr/bin/python3 setup.py develop --editable --build-directory /home/waraset/auto_dock_sim_ws/build/auto_dock_sim_py_pkg/build --no-deps install_data
[6.560s] Level 1:colcon.colcon_core.shell:create_environment_hook('auto_dock_sim_py_pkg', 'pythonpath_develop')
[6.574s] INFO:colcon.colcon_core.shell:Creating environment hook '/home/waraset/auto_dock_sim_ws/build/auto_dock_sim_py_pkg/share/auto_dock_sim_py_pkg/hook/pythonpath_develop.ps1'
[6.575s] DEBUG:colcon.colcon_core.event_handler.log_command:Invoked command in '/home/waraset/auto_dock_sim_ws/build/auto_dock_sim_py_pkg' returned '0': PYTHONPATH=/home/waraset/auto_dock_sim_ws/build/auto_dock_sim_py_pkg/prefix_override:/home/waraset/auto_dock_sim_ws/install/auto_dock_sim_py_pkg/lib/python3.8/site-packages:${PYTHONPATH} /usr/bin/python3 setup.py develop --editable --build-directory /home/waraset/auto_dock_sim_ws/build/auto_dock_sim_py_pkg/build --no-deps install_data
[6.575s] INFO:colcon.colcon_core.shell:Creating environment descriptor '/home/waraset/auto_dock_sim_ws/build/auto_dock_sim_py_pkg/share/auto_dock_sim_py_pkg/hook/pythonpath_develop.dsv'
[6.576s] INFO:colcon.colcon_core.shell:Creating environment hook '/home/waraset/auto_dock_sim_ws/build/auto_dock_sim_py_pkg/share/auto_dock_sim_py_pkg/hook/pythonpath_develop.sh'
[6.595s] Level 1:colcon.colcon_core.environment:checking '/home/waraset/auto_dock_sim_ws/install/auto_dock_sim_py_pkg' for CMake module files
[6.596s] Level 1:colcon.colcon_core.environment:checking '/home/waraset/auto_dock_sim_ws/install/auto_dock_sim_py_pkg' for CMake config files
[6.596s] Level 1:colcon.colcon_core.environment:checking '/home/waraset/auto_dock_sim_ws/install/auto_dock_sim_py_pkg/lib'
[6.597s] Level 1:colcon.colcon_core.environment:checking '/home/waraset/auto_dock_sim_ws/install/auto_dock_sim_py_pkg/bin'
[6.597s] Level 1:colcon.colcon_core.environment:checking '/home/waraset/auto_dock_sim_ws/install/auto_dock_sim_py_pkg/lib/pkgconfig/auto_dock_sim_py_pkg.pc'
[6.597s] Level 1:colcon.colcon_core.environment:checking '/home/waraset/auto_dock_sim_ws/install/auto_dock_sim_py_pkg/lib/python3.8/site-packages'
[6.597s] Level 1:colcon.colcon_core.shell:create_environment_hook('auto_dock_sim_py_pkg', 'pythonpath')
[6.603s] INFO:colcon.colcon_core.shell:Creating environment hook '/home/waraset/auto_dock_sim_ws/install/auto_dock_sim_py_pkg/share/auto_dock_sim_py_pkg/hook/pythonpath.ps1'
[6.604s] INFO:colcon.colcon_core.shell:Creating environment descriptor '/home/waraset/auto_dock_sim_ws/install/auto_dock_sim_py_pkg/share/auto_dock_sim_py_pkg/hook/pythonpath.dsv'
[6.604s] INFO:colcon.colcon_core.shell:Creating environment hook '/home/waraset/auto_dock_sim_ws/install/auto_dock_sim_py_pkg/share/auto_dock_sim_py_pkg/hook/pythonpath.sh'
[6.604s] Level 1:colcon.colcon_core.environment:checking '/home/waraset/auto_dock_sim_ws/install/auto_dock_sim_py_pkg/bin'
[6.604s] Level 1:colcon.colcon_core.environment:create_environment_scripts_only(auto_dock_sim_py_pkg)
[6.614s] INFO:colcon.colcon_core.shell:Creating package script '/home/waraset/auto_dock_sim_ws/install/auto_dock_sim_py_pkg/share/auto_dock_sim_py_pkg/package.ps1'
[6.615s] INFO:colcon.colcon_core.shell:Creating package descriptor '/home/waraset/auto_dock_sim_ws/install/auto_dock_sim_py_pkg/share/auto_dock_sim_py_pkg/package.dsv'
[6.615s] INFO:colcon.colcon_core.shell:Creating package script '/home/waraset/auto_dock_sim_ws/install/auto_dock_sim_py_pkg/share/auto_dock_sim_py_pkg/package.sh'
[6.616s] INFO:colcon.colcon_core.shell:Creating package script '/home/waraset/auto_dock_sim_ws/install/auto_dock_sim_py_pkg/share/auto_dock_sim_py_pkg/package.bash'
[6.617s] INFO:colcon.colcon_core.shell:Creating package script '/home/waraset/auto_dock_sim_ws/install/auto_dock_sim_py_pkg/share/auto_dock_sim_py_pkg/package.zsh'
[6.618s] Level 1:colcon.colcon_core.environment:create_file_with_runtime_dependencies(/home/waraset/auto_dock_sim_ws/install/auto_dock_sim_py_pkg/share/colcon-core/packages/auto_dock_sim_py_pkg)
[6.620s] Level 1:colcon.colcon_core.shell:create_environment_hook('learning_tf2_py', 'pythonpath_develop')
[6.626s] INFO:colcon.colcon_core.shell:Creating environment hook '/home/waraset/auto_dock_sim_ws/build/learning_tf2_py/share/learning_tf2_py/hook/pythonpath_develop.ps1'
[6.627s] DEBUG:colcon.colcon_core.event_handler.log_command:Invoked command in '/home/waraset/auto_dock_sim_ws/build/learning_tf2_py' returned '0': PYTHONPATH=/home/waraset/auto_dock_sim_ws/build/learning_tf2_py/prefix_override:/home/waraset/auto_dock_sim_ws/install/learning_tf2_py/lib/python3.8/site-packages:${PYTHONPATH} /usr/bin/python3 setup.py develop --editable --build-directory /home/waraset/auto_dock_sim_ws/build/learning_tf2_py/build --no-deps install_data
[6.627s] INFO:colcon.colcon_core.shell:Creating environment descriptor '/home/waraset/auto_dock_sim_ws/build/learning_tf2_py/share/learning_tf2_py/hook/pythonpath_develop.dsv'
[6.628s] INFO:colcon.colcon_core.shell:Creating environment hook '/home/waraset/auto_dock_sim_ws/build/learning_tf2_py/share/learning_tf2_py/hook/pythonpath_develop.sh'
[6.637s] Level 1:colcon.colcon_core.environment:checking '/home/waraset/auto_dock_sim_ws/install/learning_tf2_py' for CMake module files
[6.638s] Level 1:colcon.colcon_core.environment:checking '/home/waraset/auto_dock_sim_ws/install/learning_tf2_py' for CMake config files
[6.639s] Level 1:colcon.colcon_core.environment:checking '/home/waraset/auto_dock_sim_ws/install/learning_tf2_py/lib'
[6.639s] Level 1:colcon.colcon_core.environment:checking '/home/waraset/auto_dock_sim_ws/install/learning_tf2_py/bin'
[6.639s] Level 1:colcon.colcon_core.environment:checking '/home/waraset/auto_dock_sim_ws/install/learning_tf2_py/lib/pkgconfig/learning_tf2_py.pc'
[6.639s] Level 1:colcon.colcon_core.environment:checking '/home/waraset/auto_dock_sim_ws/install/learning_tf2_py/lib/python3.8/site-packages'
[6.639s] Level 1:colcon.colcon_core.shell:create_environment_hook('learning_tf2_py', 'pythonpath')
[6.646s] INFO:colcon.colcon_core.shell:Creating environment hook '/home/waraset/auto_dock_sim_ws/install/learning_tf2_py/share/learning_tf2_py/hook/pythonpath.ps1'
[6.647s] INFO:colcon.colcon_core.shell:Creating environment descriptor '/home/waraset/auto_dock_sim_ws/install/learning_tf2_py/share/learning_tf2_py/hook/pythonpath.dsv'
[6.647s] INFO:colcon.colcon_core.shell:Creating environment hook '/home/waraset/auto_dock_sim_ws/install/learning_tf2_py/share/learning_tf2_py/hook/pythonpath.sh'
[6.648s] Level 1:colcon.colcon_core.environment:checking '/home/waraset/auto_dock_sim_ws/install/learning_tf2_py/bin'
[6.648s] Level 1:colcon.colcon_core.environment:create_environment_scripts_only(learning_tf2_py)
[6.655s] INFO:colcon.colcon_core.shell:Creating package script '/home/waraset/auto_dock_sim_ws/install/learning_tf2_py/share/learning_tf2_py/package.ps1'
[6.656s] INFO:colcon.colcon_core.shell:Creating package descriptor '/home/waraset/auto_dock_sim_ws/install/learning_tf2_py/share/learning_tf2_py/package.dsv'
[6.656s] INFO:colcon.colcon_core.shell:Creating package script '/home/waraset/auto_dock_sim_ws/install/learning_tf2_py/share/learning_tf2_py/package.sh'
[6.657s] INFO:colcon.colcon_core.shell:Creating package script '/home/waraset/auto_dock_sim_ws/install/learning_tf2_py/share/learning_tf2_py/package.bash'
[6.657s] INFO:colcon.colcon_core.shell:Creating package script '/home/waraset/auto_dock_sim_ws/install/learning_tf2_py/share/learning_tf2_py/package.zsh'
[6.658s] Level 1:colcon.colcon_core.environment:create_file_with_runtime_dependencies(/home/waraset/auto_dock_sim_ws/install/learning_tf2_py/share/colcon-core/packages/learning_tf2_py)
[6.658s] DEBUG:colcon.colcon_parallel_executor.executor.parallel:closing loop
[6.658s] DEBUG:colcon.colcon_parallel_executor.executor.parallel:loop closed
[6.658s] DEBUG:colcon.colcon_parallel_executor.executor.parallel:run_until_complete finished with '0'
[6.659s] DEBUG:colcon.colcon_core.event_reactor:joining thread
[6.677s] INFO:colcon.colcon_core.plugin_system:Skipping extension 'colcon_notification.desktop_notification.terminal_notifier': Not used on non-Darwin systems
[6.677s] INFO:colcon.colcon_core.plugin_system:Skipping extension 'colcon_notification.desktop_notification.win32': Not used on non-Windows systems
[6.677s] INFO:colcon.colcon_notification.desktop_notification:Sending desktop notification using 'notify2'
[6.712s] DEBUG:colcon.colcon_core.event_reactor:joined thread
[6.721s] INFO:colcon.colcon_core.shell:Creating prefix script '/home/waraset/auto_dock_sim_ws/install/local_setup.ps1'
[6.722s] INFO:colcon.colcon_core.shell:Creating prefix util module '/home/waraset/auto_dock_sim_ws/install/_local_setup_util_ps1.py'
[6.724s] INFO:colcon.colcon_core.shell:Creating prefix chain script '/home/waraset/auto_dock_sim_ws/install/setup.ps1'
[6.740s] INFO:colcon.colcon_core.shell:Creating prefix script '/home/waraset/auto_dock_sim_ws/install/local_setup.sh'
[6.741s] INFO:colcon.colcon_core.shell:Creating prefix util module '/home/waraset/auto_dock_sim_ws/install/_local_setup_util_sh.py'
[6.741s] INFO:colcon.colcon_core.shell:Creating prefix chain script '/home/waraset/auto_dock_sim_ws/install/setup.sh'
[6.757s] INFO:colcon.colcon_core.shell:Creating prefix script '/home/waraset/auto_dock_sim_ws/install/local_setup.bash'
[6.758s] INFO:colcon.colcon_core.shell:Creating prefix chain script '/home/waraset/auto_dock_sim_ws/install/setup.bash'
[6.774s] INFO:colcon.colcon_core.shell:Creating prefix script '/home/waraset/auto_dock_sim_ws/install/local_setup.zsh'
[6.775s] INFO:colcon.colcon_core.shell:Creating prefix chain script '/home/waraset/auto_dock_sim_ws/install/setup.zsh'
