running develop
running egg_info
writing ../../build/learning_tf2_py/learning_tf2_py.egg-info/PKG-INFO
writing dependency_links to ../../build/learning_tf2_py/learning_tf2_py.egg-info/dependency_links.txt
writing entry points to ../../build/learning_tf2_py/learning_tf2_py.egg-info/entry_points.txt
writing requirements to ../../build/learning_tf2_py/learning_tf2_py.egg-info/requires.txt
writing top-level names to ../../build/learning_tf2_py/learning_tf2_py.egg-info/top_level.txt
reading manifest file '../../build/learning_tf2_py/learning_tf2_py.egg-info/SOURCES.txt'
writing manifest file '../../build/learning_tf2_py/learning_tf2_py.egg-info/SOURCES.txt'
running build
running build_py
copying learning_tf2_py/static_turtle_tf2_broadcaster.py -> /home/waraset/auto_dock_sim_ws/build/learning_tf2_py/build/lib/learning_tf2_py
running install
running install_lib
copying /home/waraset/auto_dock_sim_ws/build/learning_tf2_py/build/lib/learning_tf2_py/static_turtle_tf2_broadcaster.py -> /home/waraset/auto_dock_sim_ws/install/learning_tf2_py/lib/python3.8/site-packages/learning_tf2_py
byte-compiling /home/waraset/auto_dock_sim_ws/install/learning_tf2_py/lib/python3.8/site-packages/learning_tf2_py/static_turtle_tf2_broadcaster.py to static_turtle_tf2_broadcaster.cpython-38.pyc
running install_data
running install_egg_info
removing '/home/waraset/auto_dock_sim_ws/install/learning_tf2_py/lib/python3.8/site-packages/learning_tf2_py-0.0.0-py3.8.egg-info' (and everything under it)
Copying ../../build/learning_tf2_py/learning_tf2_py.egg-info to /home/waraset/auto_dock_sim_ws/install/learning_tf2_py/lib/python3.8/site-packages/learning_tf2_py-0.0.0-py3.8.egg-info
running install_scripts
Installing static_turtle_tf2_broadcaster script to /home/waraset/auto_dock_sim_ws/install/learning_tf2_py/lib/learning_tf2_py
writing list of installed files to '/home/waraset/auto_dock_sim_ws/build/learning_tf2_py/install.log'
