[2.281s] Invoking command in '/home/waraset/auto_dock_sim_ws/build/learning_tf2_py': PYTHONPATH=/home/waraset/auto_dock_sim_ws/build/learning_tf2_py/prefix_override:/home/waraset/auto_dock_sim_ws/install/learning_tf2_py/lib/python3.8/site-packages:${PYTHONPATH} /usr/bin/python3 setup.py develop --uninstall --editable --build-directory /home/waraset/auto_dock_sim_ws/build/learning_tf2_py/build
[3.117s] running develop
[3.421s] Invoked command in '/home/waraset/auto_dock_sim_ws/build/learning_tf2_py' returned '0': PYTHONPATH=/home/waraset/auto_dock_sim_ws/build/learning_tf2_py/prefix_override:/home/waraset/auto_dock_sim_ws/install/learning_tf2_py/lib/python3.8/site-packages:${PYTHONPATH} /usr/bin/python3 setup.py develop --uninstall --editable --build-directory /home/waraset/auto_dock_sim_ws/build/learning_tf2_py/build
[3.423s] Invoking command in '/home/waraset/auto_dock_sim_ws/src/learning_tf2_py': PYTHONPATH=/home/waraset/auto_dock_sim_ws/build/learning_tf2_py/prefix_override:/home/waraset/auto_dock_sim_ws/install/learning_tf2_py/lib/python3.8/site-packages:${PYTHONPATH} /usr/bin/python3 setup.py egg_info --egg-base ../../build/learning_tf2_py build --build-base /home/waraset/auto_dock_sim_ws/build/learning_tf2_py/build install --record /home/waraset/auto_dock_sim_ws/build/learning_tf2_py/install.log --install-scripts $base/lib/learning_tf2_py --single-version-externally-managed
[4.345s] running egg_info
[4.346s] writing ../../build/learning_tf2_py/learning_tf2_py.egg-info/PKG-INFO
[4.346s] writing dependency_links to ../../build/learning_tf2_py/learning_tf2_py.egg-info/dependency_links.txt
[4.346s] writing entry points to ../../build/learning_tf2_py/learning_tf2_py.egg-info/entry_points.txt
[4.346s] writing requirements to ../../build/learning_tf2_py/learning_tf2_py.egg-info/requires.txt
[4.347s] writing top-level names to ../../build/learning_tf2_py/learning_tf2_py.egg-info/top_level.txt
[4.393s] reading manifest file '../../build/learning_tf2_py/learning_tf2_py.egg-info/SOURCES.txt'
[4.394s] writing manifest file '../../build/learning_tf2_py/learning_tf2_py.egg-info/SOURCES.txt'
[4.395s] running build
[4.395s] running build_py
[4.395s] copying learning_tf2_py/static_turtle_tf2_broadcaster.py -> /home/waraset/auto_dock_sim_ws/build/learning_tf2_py/build/lib/learning_tf2_py
[4.395s] running install
[4.398s] running install_lib
[4.399s] copying /home/waraset/auto_dock_sim_ws/build/learning_tf2_py/build/lib/learning_tf2_py/static_turtle_tf2_broadcaster.py -> /home/waraset/auto_dock_sim_ws/install/learning_tf2_py/lib/python3.8/site-packages/learning_tf2_py
[4.401s] byte-compiling /home/waraset/auto_dock_sim_ws/install/learning_tf2_py/lib/python3.8/site-packages/learning_tf2_py/static_turtle_tf2_broadcaster.py to static_turtle_tf2_broadcaster.cpython-38.pyc
[4.403s] running install_data
[4.404s] running install_egg_info
[4.408s] removing '/home/waraset/auto_dock_sim_ws/install/learning_tf2_py/lib/python3.8/site-packages/learning_tf2_py-0.0.0-py3.8.egg-info' (and everything under it)
[4.408s] Copying ../../build/learning_tf2_py/learning_tf2_py.egg-info to /home/waraset/auto_dock_sim_ws/install/learning_tf2_py/lib/python3.8/site-packages/learning_tf2_py-0.0.0-py3.8.egg-info
[4.409s] running install_scripts
[4.440s] Installing static_turtle_tf2_broadcaster script to /home/waraset/auto_dock_sim_ws/install/learning_tf2_py/lib/learning_tf2_py
[4.440s] writing list of installed files to '/home/waraset/auto_dock_sim_ws/build/learning_tf2_py/install.log'
[4.476s] Invoked command in '/home/waraset/auto_dock_sim_ws/src/learning_tf2_py' returned '0': PYTHONPATH=/home/waraset/auto_dock_sim_ws/build/learning_tf2_py/prefix_override:/home/waraset/auto_dock_sim_ws/install/learning_tf2_py/lib/python3.8/site-packages:${PYTHONPATH} /usr/bin/python3 setup.py egg_info --egg-base ../../build/learning_tf2_py build --build-base /home/waraset/auto_dock_sim_ws/build/learning_tf2_py/build install --record /home/waraset/auto_dock_sim_ws/build/learning_tf2_py/install.log --install-scripts $base/lib/learning_tf2_py --single-version-externally-managed
